<?xml version="1.0" encoding="utf-8"?><testsuites name="pytest tests"><testsuite name="pytest" errors="0" failures="1" skipped="0" tests="9" time="5.616" timestamp="2026-08-08T16:44:33.813823-04:00" hostname="Pilot.lan"><testcase classname="tests.test_audit_lineage" name="test_operational_index_validates_and_verifies" time="0.837" /><testcase classname="tests.test_audit_lineage" name="test_supersession_lineage_is_a_single_normalized_graph" time="0.002" /><testcase classname="tests.test_audit_lineage" name="test_currentness_is_unaffected_by_filesystem_tricks[higher numbered unindexed report]" time="0.429" /><testcase classname="tests.test_audit_lineage" name="test_currentness_is_unaffected_by_filesystem_tricks[newer modification time]" time="0.363" /><testcase classname="tests.test_audit_lineage" name="test_currentness_is_unaffected_by_filesystem_tricks[lexically later name]" time="0.351" /><testcase classname="tests.test_audit_lineage" name="test_governed_success_tokens_are_distinct" time="2.127"><failure message="AssertionError: assert 'AUDIT_CURRENT_REPORT_VERIFIED' in ''&#10; +  where '' = CompletedProcess(args=['/Users/arkadiymiteiko/oam-cdc-reference-publication-candidate/.venv/bin/python', '/private/var...tdout='', stderr='FAIL AUDIT_CURRENT_REPORT_STALE: docs/governance/gates/OAM-GATE-SAR-05-CDC-PROFILE-AUDIT-004.json\n').stdout&#10; +    where CompletedProcess(args=['/Users/arkadiymiteiko/oam-cdc-reference-publication-candidate/.venv/bin/python', '/private/var...tdout='', stderr='FAIL AUDIT_CURRENT_REPORT_STALE: docs/governance/gates/OAM-GATE-SAR-05-CDC-PROFILE-AUDIT-004.json\n') = _run(PosixPath('/private/var/folders/47/n7bpzp2d3f35z35vskk5l2fh0000gn/T/pytest-of-arkadiymiteiko/pytest-53/test_governed_success_tokens_a0/repo'), '--check-current')">tmp_path = PosixPath('/private/var/folders/47/n7bpzp2d3f35z35vskk5l2fh0000gn/T/pytest-of-arkadiymiteiko/pytest-53/test_governed_success_tokens_a0')

    @contract
    def test_governed_success_tokens_are_distinct(tmp_path: Path) -&gt; None:
        root = _isolated(tmp_path)
        assert "AUDIT_INDEX_VERIFIED" in _run(root, "--verify-index").stdout
&gt;       assert "AUDIT_CURRENT_REPORT_VERIFIED" in _run(root, "--check-current").stdout
E       AssertionError: assert 'AUDIT_CURRENT_REPORT_VERIFIED' in ''
E        +  where '' = CompletedProcess(args=['/Users/arkadiymiteiko/oam-cdc-reference-publication-candidate/.venv/bin/python', '/private/var...tdout='', stderr='FAIL AUDIT_CURRENT_REPORT_STALE: docs/governance/gates/OAM-GATE-SAR-05-CDC-PROFILE-AUDIT-004.json\n').stdout
E        +    where CompletedProcess(args=['/Users/arkadiymiteiko/oam-cdc-reference-publication-candidate/.venv/bin/python', '/private/var...tdout='', stderr='FAIL AUDIT_CURRENT_REPORT_STALE: docs/governance/gates/OAM-GATE-SAR-05-CDC-PROFILE-AUDIT-004.json\n') = _run(PosixPath('/private/var/folders/47/n7bpzp2d3f35z35vskk5l2fh0000gn/T/pytest-of-arkadiymiteiko/pytest-53/test_governed_success_tokens_a0/repo'), '--check-current')

tests/test_audit_lineage.py:433: AssertionError</failure></testcase><testcase classname="tests.test_audit_lineage" name="test_focused_audit_tests_do_not_mutate_the_reviewed_repository" time="0.001" /><testcase classname="tests.test_audit_lineage" name="test_valid_confined_alternate_index_is_accepted" time="1.194" /><testcase classname="tests.test_audit_lineage" name="test_lineage_is_a_single_root_injective_linear_chain" time="0.001" /></testsuite></testsuites>