<?xml version="1.0" encoding="utf-8"?><testsuites name="pytest tests"><testsuite name="pytest" errors="0" failures="3" skipped="0" tests="87" time="45.063" timestamp="2026-08-08T16:44:49.497698-04:00" hostname="Pilot.lan"><testcase classname="tests.test_audit_lineage" name="test_authorized_role_enum_is_exact" time="0.001" /><testcase classname="tests.test_audit_lineage" name="test_unauthorized_role_spellings_are_absent_and_rejected[IMMUTABLE_PRE_CORRECTION_BASELINE_EVIDENCE]" time="0.995" /><testcase classname="tests.test_audit_lineage" name="test_unauthorized_role_spellings_are_absent_and_rejected[CURRENT_STATE_EVIDENCE]" time="0.612" /><testcase classname="tests.test_audit_lineage" name="test_unauthorized_role_spellings_are_absent_and_rejected[SUPERSEDED_EVIDENCE]" time="0.611" /><testcase classname="tests.test_audit_lineage" name="test_no_overwrite_override_exists_in_the_production_surface" time="0.003" /><testcase classname="tests.test_audit_lineage" name="test_main_uses_the_pure_parser_builder" time="0.389" /><testcase classname="tests.test_audit_lineage" name="test_parser_builder_is_pure" time="0.001" /><testcase classname="tests.test_audit_lineage" name="test_fresh_destination_succeeds_and_existing_destination_fails" time="0.420" /><testcase classname="tests.test_audit_lineage" name="test_registered_and_protected_destinations_fail[docs/governance/gates/OAM-GATE-SAR-05-CDC-PROFILE-AUDIT-001.json]" time="0.304" /><testcase classname="tests.test_audit_lineage" name="test_registered_and_protected_destinations_fail[docs/governance/gates/OAM-GATE-SAR-05-CDC-PROFILE-AUDIT-002.json]" time="0.809" /><testcase classname="tests.test_audit_lineage" name="test_path_confinement_rejects[absolute-/etc/evil.json-AUDIT_PATH_TRAVERSAL]" time="0.323" /><testcase classname="tests.test_audit_lineage" name="test_path_confinement_rejects[traversal-docs/governance/gates/../../../evil.json-AUDIT_PATH_TRAVERSAL]" time="0.292" /><testcase classname="tests.test_audit_lineage" name="test_path_confinement_rejects[empty segment-docs//gates/x.json-AUDIT_PATH_TRAVERSAL]" time="0.664" /><testcase classname="tests.test_audit_lineage" name="test_path_confinement_rejects[dot segment-docs/./gates/x.json-AUDIT_PATH_TRAVERSAL]" time="0.332" /><testcase classname="tests.test_audit_lineage" name="test_path_confinement_rejects[outside governed directory-profile/OAM-GATE-SAR-05-CDC-PROFILE-AUDIT-004.json-AUDIT_PATH_OUTSIDE_GOVERNED_DIRECTORY]" time="0.339" /><testcase classname="tests.test_audit_lineage" name="test_path_confinement_rejects[ungoverned name-docs/governance/gates/evil.json-AUDIT_PATH_OUTSIDE_GOVERNED_DIRECTORY]" time="0.453" /><testcase classname="tests.test_audit_lineage" name="test_symlink_destination_and_symlinked_parent_are_rejected" time="0.470" /><testcase classname="tests.test_audit_lineage" name="test_race_destination_appearing_after_validation_fails_closed" time="0.180" /><testcase classname="tests.test_audit_lineage" name="test_atomic_write_leaves_no_temporary_file" time="0.173" /><testcase classname="tests.test_audit_lineage" name="test_operational_index_validates_and_verifies" time="0.411" /><testcase classname="tests.test_audit_lineage" name="test_audit_003_binds_an_artifact_set_digest_not_a_false_head" time="0.002" /><testcase classname="tests.test_audit_lineage" name="test_index_mutations_fail[content digest-&lt;lambda&gt;-CONTENT_DIGEST]" time="0.586" /><testcase classname="tests.test_audit_lineage" name="test_index_mutations_fail[duplicate report id-&lt;lambda&gt;-DUPLICATE_REPORT]" time="0.758" /><testcase classname="tests.test_audit_lineage" name="test_index_mutations_fail[current id unindexed-&lt;lambda&gt;-AMBIGUOUS]" time="0.690" /><testcase classname="tests.test_audit_lineage" name="test_index_mutations_fail[self supersession-&lt;lambda&gt;-SELF_REFERENCE]" time="0.723" /><testcase classname="tests.test_audit_lineage" name="test_index_mutations_fail[missing predecessor-&lt;lambda&gt;-PREDECESSOR_MISSING]" time="1.024" /><testcase classname="tests.test_audit_lineage" name="test_index_mutations_fail[digest drift-&lt;lambda&gt;-HASH_MISMATCH]" time="1.794" /><testcase classname="tests.test_audit_lineage" name="test_index_mutations_fail[sha512 drift-&lt;lambda&gt;-HASH_MISMATCH]" time="1.539" /><testcase classname="tests.test_audit_lineage" name="test_supersession_cycle_is_detected" time="0.317" /><testcase classname="tests.test_audit_lineage" name="test_supersession_lineage_is_a_single_normalized_graph" time="0.002" /><testcase classname="tests.test_audit_lineage" name="test_currentness_is_unaffected_by_filesystem_tricks[higher numbered unindexed report]" time="0.357" /><testcase classname="tests.test_audit_lineage" name="test_currentness_is_unaffected_by_filesystem_tricks[newer modification time]" time="0.351" /><testcase classname="tests.test_audit_lineage" name="test_currentness_is_unaffected_by_filesystem_tricks[lexically later name]" time="0.800" /><testcase classname="tests.test_audit_lineage" name="test_current_report_resolver_contains_no_inference_logic" time="0.003" /><testcase classname="tests.test_audit_lineage" name="test_governed_success_tokens_are_distinct" time="4.644"><failure message="AssertionError: assert 'AUDIT_CURRENT_REPORT_VERIFIED' in ''&#10; +  where '' = CompletedProcess(args=['/Users/arkadiymiteiko/oam-cdc-reference-publication-candidate/.venv/bin/python', '/private/var...tdout='', stderr='FAIL AUDIT_CURRENT_REPORT_STALE: docs/governance/gates/OAM-GATE-SAR-05-CDC-PROFILE-AUDIT-004.json\n').stdout&#10; +    where CompletedProcess(args=['/Users/arkadiymiteiko/oam-cdc-reference-publication-candidate/.venv/bin/python', '/private/var...tdout='', stderr='FAIL AUDIT_CURRENT_REPORT_STALE: docs/governance/gates/OAM-GATE-SAR-05-CDC-PROFILE-AUDIT-004.json\n') = _run(PosixPath('/private/var/folders/47/n7bpzp2d3f35z35vskk5l2fh0000gn/T/pytest-of-arkadiymiteiko/pytest-54/test_governed_success_tokens_a0/repo'), '--check-current')">tmp_path = PosixPath('/private/var/folders/47/n7bpzp2d3f35z35vskk5l2fh0000gn/T/pytest-of-arkadiymiteiko/pytest-54/test_governed_success_tokens_a0')

    @contract
    def test_governed_success_tokens_are_distinct(tmp_path: Path) -&gt; None:
        root = _isolated(tmp_path)
        assert "AUDIT_INDEX_VERIFIED" in _run(root, "--verify-index").stdout
&gt;       assert "AUDIT_CURRENT_REPORT_VERIFIED" in _run(root, "--check-current").stdout
E       AssertionError: assert 'AUDIT_CURRENT_REPORT_VERIFIED' in ''
E        +  where '' = CompletedProcess(args=['/Users/arkadiymiteiko/oam-cdc-reference-publication-candidate/.venv/bin/python', '/private/var...tdout='', stderr='FAIL AUDIT_CURRENT_REPORT_STALE: docs/governance/gates/OAM-GATE-SAR-05-CDC-PROFILE-AUDIT-004.json\n').stdout
E        +    where CompletedProcess(args=['/Users/arkadiymiteiko/oam-cdc-reference-publication-candidate/.venv/bin/python', '/private/var...tdout='', stderr='FAIL AUDIT_CURRENT_REPORT_STALE: docs/governance/gates/OAM-GATE-SAR-05-CDC-PROFILE-AUDIT-004.json\n') = _run(PosixPath('/private/var/folders/47/n7bpzp2d3f35z35vskk5l2fh0000gn/T/pytest-of-arkadiymiteiko/pytest-54/test_governed_success_tokens_a0/repo'), '--check-current')

tests/test_audit_lineage.py:433: AssertionError</failure></testcase><testcase classname="tests.test_audit_lineage" name="test_unsupported_invocation_mode_fails" time="0.763" /><testcase classname="tests.test_audit_lineage" name="test_audit_002_bytes_changed_without_index_update_fails" time="1.985" /><testcase classname="tests.test_audit_lineage" name="test_audit_002_removed_while_indexed_fails" time="1.203" /><testcase classname="tests.test_audit_lineage" name="test_audit_003_removed_while_current_fails" time="0.767"><failure message="AssertionError: ['AUDIT_HISTORICAL_REPORT_MISSING: docs/governance/gates/OAM-GATE-SAR-05-CDC-PROFILE-AUDIT-003.json']&#10;assert False&#10; +  where False = any(&lt;generator object test_audit_003_removed_while_current_fails.&lt;locals&gt;.&lt;genexpr&gt; at 0x108e6c790&gt;)">tmp_path = PosixPath('/private/var/folders/47/n7bpzp2d3f35z35vskk5l2fh0000gn/T/pytest-of-arkadiymiteiko/pytest-54/test_audit_003_removed_while_c0')

    @mutation
    def test_audit_003_removed_while_current_fails(tmp_path: Path) -&gt; None:
        root = _isolated(tmp_path)
        (root / "docs/governance/gates/OAM-GATE-SAR-05-CDC-PROFILE-AUDIT-003.json").unlink()
        findings = auditor.verify_audit_index(root)
&gt;       assert any("AUDIT_CURRENT_REPORT_MISSING" in f for f in findings), findings
E       AssertionError: ['AUDIT_HISTORICAL_REPORT_MISSING: docs/governance/gates/OAM-GATE-SAR-05-CDC-PROFILE-AUDIT-003.json']
E       assert False
E        +  where False = any(&lt;generator object test_audit_003_removed_while_current_fails.&lt;locals&gt;.&lt;genexpr&gt; at 0x108e6c790&gt;)

tests/test_audit_lineage.py:470: AssertionError</failure></testcase><testcase classname="tests.test_audit_lineage" name="test_every_audit_code_is_governed" time="0.085" /><testcase classname="tests.test_audit_lineage" name="test_audit_001_is_byte_identical_to_the_approved_head" time="0.039" /><testcase classname="tests.test_audit_lineage" name="test_audit_002_makes_no_correction_or_authority_claim" time="0.001" /><testcase classname="tests.test_audit_lineage" name="test_operational_index_is_not_in_the_contract_artifact_set" time="0.004" /><testcase classname="tests.test_audit_lineage" name="test_focused_audit_tests_do_not_mutate_the_reviewed_repository" time="0.003" /><testcase classname="tests.test_audit_lineage" name="test_index_verification_performs_no_network_access" time="0.589" /><testcase classname="tests.test_audit_lineage" name="test_state_binding_is_exactly_one_non_null" time="0.003" /><testcase classname="tests.test_audit_lineage" name="test_state_binding_mutations_fail[both non-null-&lt;lambda&gt;-AUDIT_STATE_BINDING_CONFLICT]" time="0.906" /><testcase classname="tests.test_audit_lineage" name="test_state_binding_mutations_fail[both null-&lt;lambda&gt;-AUDIT_STATE_BINDING_ABSENT]" time="0.627" /><testcase classname="tests.test_audit_lineage" name="test_state_binding_mutations_fail[head absent-&lt;lambda&gt;-AUDIT_STATE_BINDING_ABSENT]" time="0.604" /><testcase classname="tests.test_audit_lineage" name="test_state_binding_mutations_fail[digest absent-&lt;lambda&gt;-AUDIT_STATE_BINDING_ABSENT]" time="0.889" /><testcase classname="tests.test_audit_lineage" name="test_audit_index_path_confinement_rejects[absolute-/etc/passwd.json]" time="0.345" /><testcase classname="tests.test_audit_lineage" name="test_audit_index_path_confinement_rejects[parent traversal-docs/governance/gates/../../../outside.json]" time="0.399" /><testcase classname="tests.test_audit_lineage" name="test_audit_index_path_confinement_rejects[normalized traversal-docs/governance/../governance/gates/x.json]" time="1.144" /><testcase classname="tests.test_audit_lineage" name="test_audit_index_path_confinement_rejects[outside repository-../outside.json]" time="0.734" /><testcase classname="tests.test_audit_lineage" name="test_audit_index_path_confinement_rejects[outside governed directory-profile/index.json]" time="0.734" /><testcase classname="tests.test_audit_lineage" name="test_audit_index_path_confinement_rejects[malformed extension-docs/governance/gates/index.txt]" time="0.746" /><testcase classname="tests.test_audit_lineage" name="test_audit_index_path_confinement_rejects[report path supplied as index-docs/governance/gates/OAM-GATE-SAR-05-CDC-PROFILE-AUDIT-002.json]" time="0.555" /><testcase classname="tests.test_audit_lineage" name="test_audit_index_path_confinement_rejects[empty segment-docs//governance/gates/index.json]" time="0.732" /><testcase classname="tests.test_audit_lineage" name="test_symlinked_audit_index_and_parent_are_rejected" time="0.542" /><testcase classname="tests.test_audit_lineage" name="test_valid_confined_alternate_index_is_accepted" time="2.078" /><testcase classname="tests.test_audit_lineage" name="test_atomic_write_failure_paths_leave_nothing_behind[temporary file creation fails-mkstemp]" time="0.541" /><testcase classname="tests.test_audit_lineage" name="test_atomic_write_failure_paths_leave_nothing_behind[write fails-write]" time="0.545" /><testcase classname="tests.test_audit_lineage" name="test_atomic_write_failure_paths_leave_nothing_behind[fsync fails-fsync]" time="0.348" /><testcase classname="tests.test_audit_lineage" name="test_atomic_write_failure_paths_leave_nothing_behind[link publication fails-link]" time="0.550" /><testcase classname="tests.test_audit_lineage" name="test_operational_index_destination_is_refused" time="0.347" /><testcase classname="tests.test_audit_lineage" name="test_named_state_is_verified_from_the_git_object_tree" time="0.410" /><testcase classname="tests.test_audit_lineage" name="test_f1_m4_working_tree_substitution_still_passes" time="0.706" /><testcase classname="tests.test_audit_lineage" name="test_named_state_failures[unresolvable-ffffffffffffffffffffffffffffffffffffffff-AUDIT_STATE_HEAD_UNRESOLVABLE]" time="0.437" /><testcase classname="tests.test_audit_lineage" name="test_named_state_failures[resolvable but wrong state-6d7e633ad76e7dd06800e3a68f5889c36399ef9c-AUDIT_STATE_]" time="0.286" /><testcase classname="tests.test_audit_lineage" name="test_artifact_set_canonicalization_is_governed_by_the_matrix" time="0.002" /><testcase classname="tests.test_audit_lineage" name="test_artifact_set_digest_is_independently_reproducible" time="0.005" /><testcase classname="tests.test_audit_lineage" name="test_artifact_set_mutations_fail[member byte changed-&lt;lambda&gt;]" time="0.218" /><testcase classname="tests.test_audit_lineage" name="test_artifact_set_mutations_fail[member order changed-&lt;lambda&gt;]" time="0.219" /><testcase classname="tests.test_audit_lineage" name="test_artifact_set_mutations_fail[member omitted-&lt;lambda&gt;]" time="0.263" /><testcase classname="tests.test_audit_lineage" name="test_artifact_set_mutations_fail[canonicalization identifier changed-&lt;lambda&gt;]" time="0.200" /><testcase classname="tests.test_audit_lineage" name="test_artifact_set_mutations_fail[preimage template changed-&lt;lambda&gt;]" time="0.179" /><testcase classname="tests.test_audit_lineage" name="test_artifact_set_mutations_fail[line ending changed-&lt;lambda&gt;]" time="0.195" /><testcase classname="tests.test_audit_lineage" name="test_lineage_is_a_single_root_injective_linear_chain" time="0.001" /><testcase classname="tests.test_audit_lineage" name="test_lineage_and_role_mutations_fail[fork-&lt;lambda&gt;-AUDIT_SUPERSESSION_FORK]" time="0.001" /><testcase classname="tests.test_audit_lineage" name="test_lineage_and_role_mutations_fail[second root-&lt;lambda&gt;-AUDIT_SUPERSESSION_MULTIPLE_ROOTS]" time="0.001" /><testcase classname="tests.test_audit_lineage" name="test_lineage_and_role_mutations_fail[current is not terminus-&lt;lambda&gt;-AUDIT_SUPERSESSION_TERMINUS_MISMATCH]" time="0.001" /><testcase classname="tests.test_audit_lineage" name="test_lineage_and_role_mutations_fail[two current roles-&lt;lambda&gt;-AUDIT_CURRENT_ROLE_AMBIGUOUS]" time="0.001" /><testcase classname="tests.test_audit_lineage" name="test_lineage_and_role_mutations_fail[baseline on a non-root-&lt;lambda&gt;-AUDIT_BASELINE_ROLE_MISMATCH]" time="0.001" /><testcase classname="tests.test_audit_lineage" name="test_report_identity_is_bound_three_ways" time="0.002" /><testcase classname="tests.test_audit_lineage" name="test_report_generation_requires_an_explicit_report_id" time="0.681"><failure message="AssertionError: FAIL AUDIT_REPORT_OVERWRITE_PROHIBITED: docs/governance/gates/OAM-GATE-SAR-05-CDC-PROFILE-AUDIT-004.json&#10;  &#10;assert 1 == 0&#10; +  where 1 = CompletedProcess(args=['/Users/arkadiymiteiko/oam-cdc-reference-publication-candidate/.venv/bin/python', '/private/var...', stderr='FAIL AUDIT_REPORT_OVERWRITE_PROHIBITED: docs/governance/gates/OAM-GATE-SAR-05-CDC-PROFILE-AUDIT-004.json\n').returncode">tmp_path = PosixPath('/private/var/folders/47/n7bpzp2d3f35z35vskk5l2fh0000gn/T/pytest-of-arkadiymiteiko/pytest-54/test_report_generation_require0')

    @mutation
    def test_report_generation_requires_an_explicit_report_id(tmp_path: Path) -&gt; None:
        root = _isolated(tmp_path)
        fresh = "docs/governance/gates/OAM-GATE-SAR-05-CDC-PROFILE-AUDIT-004.json"
        missing = _run(root, "--write", fresh)
        assert missing.returncode == 1
        assert "AUDIT_REPORT_ID_REQUIRED" in missing.stderr
        mismatched = _run(
            root, "--write", fresh, "--report-id", "OAM-GATE-SAR-05-CDC-PROFILE-AUDIT-005"
        )
        assert mismatched.returncode == 1
        assert "AUDIT_REPORT_PATH_IDENTITY_MISMATCH" in mismatched.stderr
        good = _run(root, "--write", fresh, "--report-id", "OAM-GATE-SAR-05-CDC-PROFILE-AUDIT-004")
&gt;       assert good.returncode == 0, good.stderr
E       AssertionError: FAIL AUDIT_REPORT_OVERWRITE_PROHIBITED: docs/governance/gates/OAM-GATE-SAR-05-CDC-PROFILE-AUDIT-004.json
E         
E       assert 1 == 0
E        +  where 1 = CompletedProcess(args=['/Users/arkadiymiteiko/oam-cdc-reference-publication-candidate/.venv/bin/python', '/private/var...', stderr='FAIL AUDIT_REPORT_OVERWRITE_PROHIBITED: docs/governance/gates/OAM-GATE-SAR-05-CDC-PROFILE-AUDIT-004.json\n').returncode

tests/test_audit_lineage.py:1001: AssertionError</failure></testcase><testcase classname="tests.test_audit_lineage" name="test_report_role_self_assertion_is_rejected" time="0.229" /><testcase classname="tests.test_audit_lineage" name="test_production_entry_points_invoke_every_new_check" time="0.480" /></testsuite></testsuites>