<?xml version="1.0" encoding="utf-8"?><testsuites name="pytest tests"><testsuite name="pytest" errors="0" failures="26" skipped="7" tests="1041" time="237.399" timestamp="2026-08-08T16:45:35.136322-04:00" hostname="Pilot.lan"><testcase classname="tests.test_amendment_lineage_coupling_authorization_001" name="test_authorization_is_persisted_at_its_exact_bytes" time="0.001" /><testcase classname="tests.test_amendment_lineage_coupling_authorization_001" name="test_authorization_is_tracked" time="0.049" /><testcase classname="tests.test_amendment_lineage_coupling_authorization_001" name="test_authorization_is_owner_executed_and_effective" time="0.001" /><testcase classname="tests.test_amendment_lineage_coupling_authorization_001" name="test_authorization_states_the_contradiction_it_resolves" time="0.001" /><testcase classname="tests.test_amendment_lineage_coupling_authorization_001" name="test_authorization_requires_both_success_conditions_of_the_final_commit" time="0.001" /><testcase classname="tests.test_amendment_lineage_coupling_authorization_001" name="test_authorization_widens_the_ceiling_to_exactly_eight" time="0.001" /><testcase classname="tests.test_amendment_lineage_coupling_authorization_001" name="test_authorization_treats_the_expected_digest_as_a_preflight_result" time="0.001" /><testcase classname="tests.test_amendment_lineage_coupling_authorization_001" name="test_authorization_fixes_the_audit_003_role_and_claim_ceiling" time="0.001" /><testcase classname="tests.test_amendment_lineage_coupling_authorization_001" name="test_authorization_reserves_audit_004_and_renumbers_only_that" time="0.000" /><testcase classname="tests.test_amendment_lineage_coupling_authorization_001" name="test_authorization_withholds_every_prohibited_action" time="0.001" /><testcase classname="tests.test_amendment_lineage_coupling_authorization_001" name="test_authorization_index_registers_the_authorization_exactly" time="0.001" /><testcase classname="tests.test_amendment_lineage_coupling_authorization_001" name="test_index_registration_digests_match_the_file_on_disk" time="0.001" /><testcase classname="tests.test_amendment_lineage_coupling_authorization_001" name="test_the_eight_artifact_ceiling_is_registered" time="0.002" /><testcase classname="tests.test_amendment_lineage_coupling_authorization_001" name="test_audit_003_is_authorized_and_now_generated" time="0.001"><failure message="AssertionError: assert 'SUPERSEDED_HISTORICAL_AUDIT' == 'CURRENT_STATE_AUDIT'&#10;  &#10;  - CURRENT_STATE_AUDIT&#10;  + SUPERSEDED_HISTORICAL_AUDIT">@contract
    def test_audit_003_is_authorized_and_now_generated() -&gt; None:
        record = _load(INDEX_PATH)["gate_sar_05_authorized_audit_reports"][
            "OAM-GATE-SAR-05-CDC-PROFILE-AUDIT-003"
        ]
        assert record["authorized_by"] == AUTH_ID
        assert record["role"] == "CURRENT_STATE_AUDIT"
        assert record["path"] == AUDIT_003
        assert record["target_lineage"] == "AUDIT-001 -&gt; AUDIT-002 -&gt; AUDIT-003"
        assert "PROFILE_CORRECTION_NOT_YET_EXECUTED" in record["audited_state"]
        # It has since been generated under this authorization, in the authorized role.
        assert (REPO / AUDIT_003).is_file()
        index = _load(OPERATIONAL_INDEX)
        live = next(r for r in index["reports"] if r["report_id"].endswith("003"))
&gt;       assert live["role"] == record["role"]
E       AssertionError: assert 'SUPERSEDED_HISTORICAL_AUDIT' == 'CURRENT_STATE_AUDIT'
E         
E         - CURRENT_STATE_AUDIT
E         + SUPERSEDED_HISTORICAL_AUDIT

tests/test_amendment_lineage_coupling_authorization_001.py:362: AssertionError</failure></testcase><testcase classname="tests.test_amendment_lineage_coupling_authorization_001" name="test_audit_004_is_reserved_and_absent" time="0.001"><failure message="AssertionError: assert not True&#10; +  where True = exists()&#10; +    where exists = (PosixPath('/private/tmp/oam-m1-s2-r1.7gUAmz/repo') / 'docs/governance/gates/OAM-GATE-SAR-05-CDC-PROFILE-AUDIT-004.json').exists">@contract
    def test_audit_004_is_reserved_and_absent() -&gt; None:
        record = _load(INDEX_PATH)["gate_sar_05_authorized_audit_reports"][
            "OAM-GATE-SAR-05-CDC-PROFILE-AUDIT-004"
        ]
        assert record["state"] == "RESERVED_FOR_CORRECTED_PACKAGE_AUDIT"
        assert record["reserved_by"] == AUTH_ID
        assert record["authorized_by"] == CORRECTION_AUTH
        assert record["generated"] is False
        assert record["path"] == AUDIT_004
        assert record["target_lineage"] == "AUDIT-001 -&gt; AUDIT-002 -&gt; AUDIT-003 -&gt; AUDIT-004"
&gt;       assert not (REPO / AUDIT_004).exists()
E       AssertionError: assert not True
E        +  where True = exists()
E        +    where exists = (PosixPath('/private/tmp/oam-m1-s2-r1.7gUAmz/repo') / 'docs/governance/gates/OAM-GATE-SAR-05-CDC-PROFILE-AUDIT-004.json').exists

tests/test_amendment_lineage_coupling_authorization_001.py:377: AssertionError</failure></testcase><testcase classname="tests.test_amendment_lineage_coupling_authorization_001" name="test_correction_authorization_002_remains_effective" time="0.001" /><testcase classname="tests.test_amendment_lineage_coupling_authorization_001" name="test_correction_stays_blocked_and_the_earlier_blocker_is_intact" time="0.001" /><testcase classname="tests.test_amendment_lineage_coupling_authorization_001" name="test_authorization_appears_once" time="0.001" /><testcase classname="tests.test_amendment_lineage_coupling_authorization_001" name="test_status_reflects_the_coupling_and_the_implemented_state" time="0.006" /><testcase classname="tests.test_amendment_lineage_coupling_authorization_001" name="test_the_amendment_landed_within_the_eight_artifact_ceiling" time="0.002" /><testcase classname="tests.test_amendment_lineage_coupling_authorization_001" name="test_artifacts_still_outside_the_ceiling_are_unchanged" time="0.001" /><testcase classname="tests.test_amendment_lineage_coupling_authorization_001" name="test_the_version_bump_happened_exactly_where_authorized" time="0.003" /><testcase classname="tests.test_amendment_lineage_coupling_authorization_001" name="test_exactly_the_named_rules_and_codes_exist" time="0.001" /><testcase classname="tests.test_amendment_lineage_coupling_authorization_001" name="test_the_lineage_is_the_authorized_three_link_chain" time="0.001"><failure message="AssertionError: assert 'OAM-GATE-SAR...ILE-AUDIT-004' == 'OAM-GATE-SAR...ILE-AUDIT-003'&#10;  &#10;  - OAM-GATE-SAR-05-CDC-PROFILE-AUDIT-003&#10;  ?                                     ^&#10;  + OAM-GATE-SAR-05-CDC-PROFILE-AUDIT-004&#10;  ?                                     ^">@contract
    def test_the_lineage_is_the_authorized_three_link_chain() -&gt; None:
        index = _load(OPERATIONAL_INDEX)
&gt;       assert index["current_report_id"] == "OAM-GATE-SAR-05-CDC-PROFILE-AUDIT-003"
E       AssertionError: assert 'OAM-GATE-SAR...ILE-AUDIT-004' == 'OAM-GATE-SAR...ILE-AUDIT-003'
E         
E         - OAM-GATE-SAR-05-CDC-PROFILE-AUDIT-003
E         ?                                     ^
E         + OAM-GATE-SAR-05-CDC-PROFILE-AUDIT-004
E         ?                                     ^

tests/test_amendment_lineage_coupling_authorization_001.py:541: AssertionError</failure></testcase><testcase classname="tests.test_amendment_lineage_coupling_authorization_001" name="test_no_profile_artifact_exists_and_audit_004_stays_reserved" time="0.034"><failure message="AssertionError: profile/profile-manifest.json&#10;assert not True&#10; +  where True = exists()&#10; +    where exists = (PosixPath('/private/tmp/oam-m1-s2-r1.7gUAmz/repo') / 'profile/profile-manifest.json').exists">@contract
    def test_no_profile_artifact_exists_and_audit_004_stays_reserved() -&gt; None:
        tracked = set(
            subprocess.run(
                ["git", "ls-files"], cwd=REPO, check=True, capture_output=True, text=True
            ).stdout.split()
        )
        for relpath in (MANIFEST, DELIVERABLE, AUDIT_004):
&gt;           assert not (REPO / relpath).exists(), relpath
E           AssertionError: profile/profile-manifest.json
E           assert not True
E            +  where True = exists()
E            +    where exists = (PosixPath('/private/tmp/oam-m1-s2-r1.7gUAmz/repo') / 'profile/profile-manifest.json').exists

tests/test_amendment_lineage_coupling_authorization_001.py:557: AssertionError</failure></testcase><testcase classname="tests.test_amendment_lineage_coupling_authorization_001" name="test_the_approved_0_5_0_set_survives_only_as_historical_state" time="0.278" /><testcase classname="tests.test_amendment_lineage_coupling_authorization_001" name="test_index_entry_mutations_are_detected[sha256 absent-&lt;lambda&gt;]" time="0.002" /><testcase classname="tests.test_amendment_lineage_coupling_authorization_001" name="test_index_entry_mutations_are_detected[sha256 null-&lt;lambda&gt;]" time="0.001" /><testcase classname="tests.test_amendment_lineage_coupling_authorization_001" name="test_index_entry_mutations_are_detected[sha256 differs by one character-&lt;lambda&gt;]" time="0.004" /><testcase classname="tests.test_amendment_lineage_coupling_authorization_001" name="test_index_entry_mutations_are_detected[sha512 absent-&lt;lambda&gt;]" time="0.001" /><testcase classname="tests.test_amendment_lineage_coupling_authorization_001" name="test_index_entry_mutations_are_detected[sha512 differs by one character-&lt;lambda&gt;]" time="0.001" /><testcase classname="tests.test_amendment_lineage_coupling_authorization_001" name="test_index_entry_mutations_are_detected[byte length differs-&lt;lambda&gt;]" time="0.001" /><testcase classname="tests.test_amendment_lineage_coupling_authorization_001" name="test_index_entry_mutations_are_detected[owner differs-&lt;lambda&gt;]" time="0.001" /><testcase classname="tests.test_amendment_lineage_coupling_authorization_001" name="test_index_entry_mutations_are_detected[timestamp differs by one second-&lt;lambda&gt;]" time="0.001" /><testcase classname="tests.test_amendment_lineage_coupling_authorization_001" name="test_index_entry_mutations_are_detected[starting head differs by one character-&lt;lambda&gt;]" time="0.001" /><testcase classname="tests.test_amendment_lineage_coupling_authorization_001" name="test_index_entry_mutations_are_detected[a ninth artifact is smuggled in-&lt;lambda&gt;]" time="0.001" /><testcase classname="tests.test_amendment_lineage_coupling_authorization_001" name="test_index_entry_mutations_are_detected[audit 002 is added to the ceiling-&lt;lambda&gt;]" time="0.001" /><testcase classname="tests.test_amendment_lineage_coupling_authorization_001" name="test_index_entry_mutations_are_detected[an artifact is dropped-&lt;lambda&gt;]" time="0.001" /><testcase classname="tests.test_amendment_lineage_coupling_authorization_001" name="test_index_entry_mutations_are_detected[the count disagrees with the set-&lt;lambda&gt;]" time="0.001" /><testcase classname="tests.test_amendment_lineage_coupling_authorization_001" name="test_index_entry_mutations_are_detected[the predicted digest is promoted to verified-&lt;lambda&gt;]" time="0.001" /><testcase classname="tests.test_amendment_lineage_coupling_authorization_001" name="test_index_entry_mutations_are_detected[the resolved block is dropped-&lt;lambda&gt;]" time="0.001" /><testcase classname="tests.test_amendment_lineage_coupling_authorization_001" name="test_index_entry_mutations_are_detected[a required final-commit condition is dropped-&lt;lambda&gt;]" time="0.001" /><testcase classname="tests.test_amendment_lineage_coupling_authorization_001" name="test_index_entry_mutations_are_detected[the coupling claims to replace rather than supplement-&lt;lambda&gt;]" time="0.001" /><testcase classname="tests.test_amendment_lineage_coupling_authorization_001" name="test_index_entry_mutations_are_detected[correction silently unblocked-&lt;lambda&gt;]" time="0.001" /><testcase classname="tests.test_amendment_lineage_coupling_authorization_001" name="test_index_entry_mutations_are_detected[semantic gate silently released-&lt;lambda&gt;]" time="0.001" /><testcase classname="tests.test_amendment_lineage_coupling_authorization_001" name="test_audit_003_reservation_mutations_are_detected[audit 003 regressed to ungenerated-&lt;lambda&gt;]" time="0.001" /><testcase classname="tests.test_amendment_lineage_coupling_authorization_001" name="test_audit_003_reservation_mutations_are_detected[audit 003 lifecycle regressed to authorized-not-yet-generated-&lt;lambda&gt;]" time="0.001" /><testcase classname="tests.test_amendment_lineage_coupling_authorization_001" name="test_audit_003_reservation_mutations_are_detected[audit 003 lifecycle regressed to pending owner approval-&lt;lambda&gt;]" time="0.001" /><testcase classname="tests.test_amendment_lineage_coupling_authorization_001" name="test_audit_003_reservation_mutations_are_detected[audit 003 role downgraded-&lt;lambda&gt;]" time="0.001" /><testcase classname="tests.test_amendment_lineage_coupling_authorization_001" name="test_audit_003_reservation_mutations_are_detected[audit 003 lineage target changed-&lt;lambda&gt;]" time="0.001" /><testcase classname="tests.test_amendment_lineage_coupling_authorization_001" name="test_audit_003_reservation_mutations_are_detected[audit 003 claims correction was executed-&lt;lambda&gt;]" time="0.001" /><testcase classname="tests.test_amendment_lineage_coupling_authorization_001" name="test_audit_003_is_current_operational_truth" time="0.001" /><testcase classname="tests.test_amendment_lineage_coupling_authorization_001" name="test_audit_004_cannot_be_quietly_reassigned_to_the_amendment" time="0.001" /><testcase classname="tests.test_amendment_lineage_coupling_authorization_001" name="test_a_forged_authorization_body_does_not_match_the_registered_digest" time="0.001" /><testcase classname="tests.test_amendment_lineage_coupling_authorization_001" name="test_contract_0_5_1_approval_record_bytes_are_exact" time="0.001" /><testcase classname="tests.test_amendment_lineage_coupling_authorization_001" name="test_contract_0_5_1_approval_binds_the_exact_head_and_artifact_set" time="0.001" /><testcase classname="tests.test_amendment_lineage_coupling_authorization_001" name="test_contract_0_5_1_approved_artifacts_still_hash_as_approved" time="0.003"><failure message="AssertionError: docs/governance/gates/OAM-GATE-SAR-05-CDC-AUDIT-INDEX.json&#10;assert '20de3c39d714...3ee8c202bb376' == '347fde4f4a8f...428476693c190'&#10;  &#10;  - 347fde4f4a8f88f485fc661b12fd1280065ffe410ecac63aca5428476693c190&#10;  + 20de3c39d714f392d6511efc9aeb2b49a011c9a168baa1a7d683ee8c202bb376">@contract
    def test_contract_0_5_1_approved_artifacts_still_hash_as_approved() -&gt; None:
        """Eight paths, eight digests, recomputed from the working tree."""
        entry = _approval_0_5_1_entry()
        assert entry["approved_artifact_paths"] == EIGHT
        assert entry["approved_artifact_sha256"] == APPROVED_0_5_1_SHA256
        for relpath, digest in APPROVED_0_5_1_SHA256.items():
            body = (REPO / relpath).read_bytes()
&gt;           assert hashlib.sha256(body).hexdigest() == digest, relpath
E           AssertionError: docs/governance/gates/OAM-GATE-SAR-05-CDC-AUDIT-INDEX.json
E           assert '20de3c39d714...3ee8c202bb376' == '347fde4f4a8f...428476693c190'
E             
E             - 347fde4f4a8f88f485fc661b12fd1280065ffe410ecac63aca5428476693c190
E             + 20de3c39d714f392d6511efc9aeb2b49a011c9a168baa1a7d683ee8c202bb376

tests/test_amendment_lineage_coupling_authorization_001.py:866: AssertionError</failure></testcase><testcase classname="tests.test_amendment_lineage_coupling_authorization_001" name="test_contract_0_5_1_approval_scope_and_negative_authority_are_registered" time="0.002" /><testcase classname="tests.test_amendment_lineage_coupling_authorization_001" name="test_contract_0_5_1_approval_carries_the_executed_instrument_and_reviews" time="0.001" /><testcase classname="tests.test_amendment_lineage_coupling_authorization_001" name="test_contract_0_5_1_approval_mutations_are_detected[approved head changed-&lt;lambda&gt;]" time="0.001" /><testcase classname="tests.test_amendment_lineage_coupling_authorization_001" name="test_contract_0_5_1_approval_mutations_are_detected[approved version changed-&lt;lambda&gt;]" time="0.001" /><testcase classname="tests.test_amendment_lineage_coupling_authorization_001" name="test_contract_0_5_1_approval_mutations_are_detected[artifact-set digest changed-&lt;lambda&gt;]" time="0.001" /><testcase classname="tests.test_amendment_lineage_coupling_authorization_001" name="test_contract_0_5_1_approval_mutations_are_detected[ninth artifact appended-&lt;lambda&gt;]" time="0.001" /><testcase classname="tests.test_amendment_lineage_coupling_authorization_001" name="test_contract_0_5_1_approval_mutations_are_detected[record digest changed-&lt;lambda&gt;]" time="0.001" /><testcase classname="tests.test_amendment_lineage_coupling_authorization_001" name="test_contract_0_5_1_approval_mutations_are_detected[approval declared ineffective-&lt;lambda&gt;]" time="0.001" /><testcase classname="tests.test_amendment_lineage_coupling_authorization_001" name="test_contract_0_5_1_approval_mutations_are_detected[semantic gate unblocked-&lt;lambda&gt;]" time="0.001" /><testcase classname="tests.test_amendment_lineage_coupling_authorization_001" name="test_contract_0_5_1_approval_mutations_are_detected[negative authority emptied-&lt;lambda&gt;]" time="0.001" /><testcase classname="tests.test_amendment_lineage_coupling_authorization_001" name="test_a_forged_contract_0_5_1_approval_body_does_not_match_its_digest" time="0.001" /><testcase classname="tests.test_amendment_scope_expansion_authorization_001" name="test_authorization_is_persisted_at_its_exact_bytes" time="0.001" /><testcase classname="tests.test_amendment_scope_expansion_authorization_001" name="test_authorization_is_tracked" time="0.021" /><testcase classname="tests.test_amendment_scope_expansion_authorization_001" name="test_authorization_is_owner_executed_and_effective" time="0.001" /><testcase classname="tests.test_amendment_scope_expansion_authorization_001" name="test_authorization_supplements_rather_than_replaces" time="0.000" /><testcase classname="tests.test_amendment_scope_expansion_authorization_001" name="test_authorization_records_why_expansion_is_required" time="0.001" /><testcase classname="tests.test_amendment_scope_expansion_authorization_001" name="test_authorization_rejects_relabelling_under_0_5_0" time="0.001" /><testcase classname="tests.test_amendment_scope_expansion_authorization_001" name="test_authorization_states_the_exact_six_artifact_ceiling" time="0.001" /><testcase classname="tests.test_amendment_scope_expansion_authorization_001" name="test_authorization_states_the_verifier_amendment_ceiling" time="0.001" /><testcase classname="tests.test_amendment_scope_expansion_authorization_001" name="test_authorization_preserves_the_approval_requirement" time="0.000" /><testcase classname="tests.test_amendment_scope_expansion_authorization_001" name="test_authorization_index_registers_the_authorization_exactly" time="0.001" /><testcase classname="tests.test_amendment_scope_expansion_authorization_001" name="test_index_registration_digests_match_the_file_on_disk" time="0.001" /><testcase classname="tests.test_amendment_scope_expansion_authorization_001" name="test_index_binds_the_exact_six_artifact_amendment_set" time="0.001" /><testcase classname="tests.test_amendment_scope_expansion_authorization_001" name="test_index_keeps_correction_blocked_and_the_earlier_blocker_intact" time="0.001" /><testcase classname="tests.test_amendment_scope_expansion_authorization_001" name="test_authorization_appears_once" time="0.001" /><testcase classname="tests.test_amendment_scope_expansion_authorization_001" name="test_status_reflects_the_expanded_scope" time="0.001" /><testcase classname="tests.test_amendment_scope_expansion_authorization_001" name="test_the_amendment_landed_and_moved_the_authorized_artifacts" time="0.002" /><testcase classname="tests.test_amendment_scope_expansion_authorization_001" name="test_artifacts_this_expansion_left_frozen_are_still_frozen" time="0.001" /><testcase classname="tests.test_amendment_scope_expansion_authorization_001" name="test_the_version_bump_happened_exactly_where_authorized" time="0.003" /><testcase classname="tests.test_amendment_scope_expansion_authorization_001" name="test_exactly_the_named_rules_and_codes_exist" time="0.002" /><testcase classname="tests.test_amendment_scope_expansion_authorization_001" name="test_no_profile_artifact_was_created_by_this_expansion" time="0.021"><failure message="AssertionError: profile/profile-manifest.json&#10;assert not True&#10; +  where True = exists()&#10; +    where exists = (PosixPath('/private/tmp/oam-m1-s2-r1.7gUAmz/repo') / 'profile/profile-manifest.json').exists">@contract
    def test_no_profile_artifact_was_created_by_this_expansion() -&gt; None:
        tracked = set(
            subprocess.run(
                ["git", "ls-files"], cwd=REPO, check=True, capture_output=True, text=True
            ).stdout.split()
        )
        for relpath in ("profile/profile-manifest.json", "profile/deliverable-profile.json"):
&gt;           assert not (REPO / relpath).exists(), relpath
E           AssertionError: profile/profile-manifest.json
E           assert not True
E            +  where True = exists()
E            +    where exists = (PosixPath('/private/tmp/oam-m1-s2-r1.7gUAmz/repo') / 'profile/profile-manifest.json').exists

tests/test_amendment_scope_expansion_authorization_001.py:416: AssertionError</failure></testcase><testcase classname="tests.test_amendment_scope_expansion_authorization_001" name="test_the_approved_0_5_0_set_survives_only_as_historical_state" time="0.178" /><testcase classname="tests.test_amendment_scope_expansion_authorization_001" name="test_the_lineage_terminates_at_audit_003" time="0.001"><failure message="AssertionError: assert 'OAM-GATE-SAR...ILE-AUDIT-004' == 'OAM-GATE-SAR...ILE-AUDIT-003'&#10;  &#10;  - OAM-GATE-SAR-05-CDC-PROFILE-AUDIT-003&#10;  ?                                     ^&#10;  + OAM-GATE-SAR-05-CDC-PROFILE-AUDIT-004&#10;  ?                                     ^">@contract
    def test_the_lineage_terminates_at_audit_003() -&gt; None:
        index = _load("docs/governance/gates/OAM-GATE-SAR-05-CDC-AUDIT-INDEX.json")
&gt;       assert index["current_report_id"] == "OAM-GATE-SAR-05-CDC-PROFILE-AUDIT-003"
E       AssertionError: assert 'OAM-GATE-SAR...ILE-AUDIT-004' == 'OAM-GATE-SAR...ILE-AUDIT-003'
E         
E         - OAM-GATE-SAR-05-CDC-PROFILE-AUDIT-003
E         ?                                     ^
E         + OAM-GATE-SAR-05-CDC-PROFILE-AUDIT-004
E         ?                                     ^

tests/test_amendment_scope_expansion_authorization_001.py:434: AssertionError</failure></testcase><testcase classname="tests.test_amendment_scope_expansion_authorization_001" name="test_index_entry_mutations_are_detected[sha256 absent-&lt;lambda&gt;]" time="0.001" /><testcase classname="tests.test_amendment_scope_expansion_authorization_001" name="test_index_entry_mutations_are_detected[sha256 null-&lt;lambda&gt;]" time="0.001" /><testcase classname="tests.test_amendment_scope_expansion_authorization_001" name="test_index_entry_mutations_are_detected[sha256 differs by one character-&lt;lambda&gt;]" time="0.001" /><testcase classname="tests.test_amendment_scope_expansion_authorization_001" name="test_index_entry_mutations_are_detected[sha512 absent-&lt;lambda&gt;]" time="0.001" /><testcase classname="tests.test_amendment_scope_expansion_authorization_001" name="test_index_entry_mutations_are_detected[sha512 differs by one character-&lt;lambda&gt;]" time="0.004" /><testcase classname="tests.test_amendment_scope_expansion_authorization_001" name="test_index_entry_mutations_are_detected[byte length differs-&lt;lambda&gt;]" time="0.001" /><testcase classname="tests.test_amendment_scope_expansion_authorization_001" name="test_index_entry_mutations_are_detected[owner differs-&lt;lambda&gt;]" time="0.001" /><testcase classname="tests.test_amendment_scope_expansion_authorization_001" name="test_index_entry_mutations_are_detected[timestamp differs by one second-&lt;lambda&gt;]" time="0.001" /><testcase classname="tests.test_amendment_scope_expansion_authorization_001" name="test_index_entry_mutations_are_detected[starting head differs by one character-&lt;lambda&gt;]" time="0.002" /><testcase classname="tests.test_amendment_scope_expansion_authorization_001" name="test_index_entry_mutations_are_detected[target version relabelled to the approved one-&lt;lambda&gt;]" time="0.001" /><testcase classname="tests.test_amendment_scope_expansion_authorization_001" name="test_index_entry_mutations_are_detected[the expansion claims to replace rather than supplement-&lt;lambda&gt;]" time="0.001" /><testcase classname="tests.test_amendment_scope_expansion_authorization_001" name="test_index_entry_mutations_are_detected[a seventh artifact is smuggled into the amendment set-&lt;lambda&gt;]" time="0.001" /><testcase classname="tests.test_amendment_scope_expansion_authorization_001" name="test_index_entry_mutations_are_detected[an amendment artifact is dropped-&lt;lambda&gt;]" time="0.001" /><testcase classname="tests.test_amendment_scope_expansion_authorization_001" name="test_index_entry_mutations_are_detected[correction silently unblocked-&lt;lambda&gt;]" time="0.001" /><testcase classname="tests.test_amendment_scope_expansion_authorization_001" name="test_index_entry_mutations_are_detected[semantic gate silently released-&lt;lambda&gt;]" time="0.001" /><testcase classname="tests.test_amendment_scope_expansion_authorization_001" name="test_frozen_artifacts_are_not_in_the_amendment_set[docs/governance/gates/OAM-GATE-SAR-05-AUDIT-INDEX-001.schema.json]" time="0.001" /><testcase classname="tests.test_amendment_scope_expansion_authorization_001" name="test_frozen_artifacts_are_not_in_the_amendment_set[docs/governance/gates/OAM-GATE-SAR-05-CDC-AUDIT-INDEX.json]" time="0.001" /><testcase classname="tests.test_amendment_scope_expansion_authorization_001" name="test_frozen_artifacts_are_not_in_the_amendment_set[docs/governance/gates/OAM-GATE-SAR-05-CDC-PROFILE-AUDIT-001.json]" time="0.001" /><testcase classname="tests.test_amendment_scope_expansion_authorization_001" name="test_frozen_artifacts_are_not_in_the_amendment_set[docs/governance/gates/OAM-GATE-SAR-05-CDC-PROFILE-AUDIT-002.json]" time="0.001" /><testcase classname="tests.test_amendment_scope_expansion_authorization_001" name="test_a_forged_authorization_body_does_not_match_the_registered_digest" time="0.001" /><testcase classname="tests.test_audit_lineage" name="test_authorized_role_enum_is_exact" time="0.001" /><testcase classname="tests.test_audit_lineage" name="test_unauthorized_role_spellings_are_absent_and_rejected[IMMUTABLE_PRE_CORRECTION_BASELINE_EVIDENCE]" time="0.769" /><testcase classname="tests.test_audit_lineage" name="test_unauthorized_role_spellings_are_absent_and_rejected[CURRENT_STATE_EVIDENCE]" time="0.701" /><testcase classname="tests.test_audit_lineage" name="test_unauthorized_role_spellings_are_absent_and_rejected[SUPERSEDED_EVIDENCE]" time="0.608" /><testcase classname="tests.test_audit_lineage" name="test_no_overwrite_override_exists_in_the_production_surface" time="0.002" /><testcase classname="tests.test_audit_lineage" name="test_main_uses_the_pure_parser_builder" time="0.406" /><testcase classname="tests.test_audit_lineage" name="test_parser_builder_is_pure" time="0.001" /><testcase classname="tests.test_audit_lineage" name="test_fresh_destination_succeeds_and_existing_destination_fails" time="0.526" /><testcase classname="tests.test_audit_lineage" name="test_registered_and_protected_destinations_fail[docs/governance/gates/OAM-GATE-SAR-05-CDC-PROFILE-AUDIT-001.json]" time="0.699" /><testcase classname="tests.test_audit_lineage" name="test_registered_and_protected_destinations_fail[docs/governance/gates/OAM-GATE-SAR-05-CDC-PROFILE-AUDIT-002.json]" time="0.559" /><testcase classname="tests.test_audit_lineage" name="test_path_confinement_rejects[absolute-/etc/evil.json-AUDIT_PATH_TRAVERSAL]" time="0.497" /><testcase classname="tests.test_audit_lineage" name="test_path_confinement_rejects[traversal-docs/governance/gates/../../../evil.json-AUDIT_PATH_TRAVERSAL]" time="0.363" /><testcase classname="tests.test_audit_lineage" name="test_path_confinement_rejects[empty segment-docs//gates/x.json-AUDIT_PATH_TRAVERSAL]" time="0.333" /><testcase classname="tests.test_audit_lineage" name="test_path_confinement_rejects[dot segment-docs/./gates/x.json-AUDIT_PATH_TRAVERSAL]" time="0.475" /><testcase classname="tests.test_audit_lineage" name="test_path_confinement_rejects[outside governed directory-profile/OAM-GATE-SAR-05-CDC-PROFILE-AUDIT-004.json-AUDIT_PATH_OUTSIDE_GOVERNED_DIRECTORY]" time="0.368" /><testcase classname="tests.test_audit_lineage" name="test_path_confinement_rejects[ungoverned name-docs/governance/gates/evil.json-AUDIT_PATH_OUTSIDE_GOVERNED_DIRECTORY]" time="0.452" /><testcase classname="tests.test_audit_lineage" name="test_symlink_destination_and_symlinked_parent_are_rejected" time="0.346" /><testcase classname="tests.test_audit_lineage" name="test_race_destination_appearing_after_validation_fails_closed" time="0.214" /><testcase classname="tests.test_audit_lineage" name="test_atomic_write_leaves_no_temporary_file" time="0.284" /><testcase classname="tests.test_audit_lineage" name="test_operational_index_validates_and_verifies" time="0.518" /><testcase classname="tests.test_audit_lineage" name="test_audit_003_binds_an_artifact_set_digest_not_a_false_head" time="0.002" /><testcase classname="tests.test_audit_lineage" name="test_index_mutations_fail[content digest-&lt;lambda&gt;-CONTENT_DIGEST]" time="0.693" /><testcase classname="tests.test_audit_lineage" name="test_index_mutations_fail[duplicate report id-&lt;lambda&gt;-DUPLICATE_REPORT]" time="0.836" /><testcase classname="tests.test_audit_lineage" name="test_index_mutations_fail[current id unindexed-&lt;lambda&gt;-AMBIGUOUS]" time="0.644" /><testcase classname="tests.test_audit_lineage" name="test_index_mutations_fail[self supersession-&lt;lambda&gt;-SELF_REFERENCE]" time="0.755" /><testcase classname="tests.test_audit_lineage" name="test_index_mutations_fail[missing predecessor-&lt;lambda&gt;-PREDECESSOR_MISSING]" time="0.785" /><testcase classname="tests.test_audit_lineage" name="test_index_mutations_fail[digest drift-&lt;lambda&gt;-HASH_MISMATCH]" time="0.766" /><testcase classname="tests.test_audit_lineage" name="test_index_mutations_fail[sha512 drift-&lt;lambda&gt;-HASH_MISMATCH]" time="0.719" /><testcase classname="tests.test_audit_lineage" name="test_supersession_cycle_is_detected" time="0.228" /><testcase classname="tests.test_audit_lineage" name="test_supersession_lineage_is_a_single_normalized_graph" time="0.001" /><testcase classname="tests.test_audit_lineage" name="test_currentness_is_unaffected_by_filesystem_tricks[higher numbered unindexed report]" time="0.559" /><testcase classname="tests.test_audit_lineage" name="test_currentness_is_unaffected_by_filesystem_tricks[newer modification time]" time="0.395" /><testcase classname="tests.test_audit_lineage" name="test_currentness_is_unaffected_by_filesystem_tricks[lexically later name]" time="0.278" /><testcase classname="tests.test_audit_lineage" name="test_current_report_resolver_contains_no_inference_logic" time="0.001" /><testcase classname="tests.test_audit_lineage" name="test_governed_success_tokens_are_distinct" time="1.859"><failure message="AssertionError: assert 'AUDIT_CURRENT_REPORT_VERIFIED' in ''&#10; +  where '' = CompletedProcess(args=['/Users/arkadiymiteiko/oam-cdc-reference-publication-candidate/.venv/bin/python', '/private/var...tdout='', stderr='FAIL AUDIT_CURRENT_REPORT_STALE: docs/governance/gates/OAM-GATE-SAR-05-CDC-PROFILE-AUDIT-004.json\n').stdout&#10; +    where CompletedProcess(args=['/Users/arkadiymiteiko/oam-cdc-reference-publication-candidate/.venv/bin/python', '/private/var...tdout='', stderr='FAIL AUDIT_CURRENT_REPORT_STALE: docs/governance/gates/OAM-GATE-SAR-05-CDC-PROFILE-AUDIT-004.json\n') = _run(PosixPath('/private/var/folders/47/n7bpzp2d3f35z35vskk5l2fh0000gn/T/pytest-of-arkadiymiteiko/pytest-55/test_governed_success_tokens_a0/repo'), '--check-current')">tmp_path = PosixPath('/private/var/folders/47/n7bpzp2d3f35z35vskk5l2fh0000gn/T/pytest-of-arkadiymiteiko/pytest-55/test_governed_success_tokens_a0')

    @contract
    def test_governed_success_tokens_are_distinct(tmp_path: Path) -&gt; None:
        root = _isolated(tmp_path)
        assert "AUDIT_INDEX_VERIFIED" in _run(root, "--verify-index").stdout
&gt;       assert "AUDIT_CURRENT_REPORT_VERIFIED" in _run(root, "--check-current").stdout
E       AssertionError: assert 'AUDIT_CURRENT_REPORT_VERIFIED' in ''
E        +  where '' = CompletedProcess(args=['/Users/arkadiymiteiko/oam-cdc-reference-publication-candidate/.venv/bin/python', '/private/var...tdout='', stderr='FAIL AUDIT_CURRENT_REPORT_STALE: docs/governance/gates/OAM-GATE-SAR-05-CDC-PROFILE-AUDIT-004.json\n').stdout
E        +    where CompletedProcess(args=['/Users/arkadiymiteiko/oam-cdc-reference-publication-candidate/.venv/bin/python', '/private/var...tdout='', stderr='FAIL AUDIT_CURRENT_REPORT_STALE: docs/governance/gates/OAM-GATE-SAR-05-CDC-PROFILE-AUDIT-004.json\n') = _run(PosixPath('/private/var/folders/47/n7bpzp2d3f35z35vskk5l2fh0000gn/T/pytest-of-arkadiymiteiko/pytest-55/test_governed_success_tokens_a0/repo'), '--check-current')

tests/test_audit_lineage.py:433: AssertionError</failure></testcase><testcase classname="tests.test_audit_lineage" name="test_unsupported_invocation_mode_fails" time="0.926" /><testcase classname="tests.test_audit_lineage" name="test_audit_002_bytes_changed_without_index_update_fails" time="1.103" /><testcase classname="tests.test_audit_lineage" name="test_audit_002_removed_while_indexed_fails" time="2.633" /><testcase classname="tests.test_audit_lineage" name="test_audit_003_removed_while_current_fails" time="1.811"><failure message="AssertionError: ['AUDIT_HISTORICAL_REPORT_MISSING: docs/governance/gates/OAM-GATE-SAR-05-CDC-PROFILE-AUDIT-003.json']&#10;assert False&#10; +  where False = any(&lt;generator object test_audit_003_removed_while_current_fails.&lt;locals&gt;.&lt;genexpr&gt; at 0x105e4a5a0&gt;)">tmp_path = PosixPath('/private/var/folders/47/n7bpzp2d3f35z35vskk5l2fh0000gn/T/pytest-of-arkadiymiteiko/pytest-55/test_audit_003_removed_while_c0')

    @mutation
    def test_audit_003_removed_while_current_fails(tmp_path: Path) -&gt; None:
        root = _isolated(tmp_path)
        (root / "docs/governance/gates/OAM-GATE-SAR-05-CDC-PROFILE-AUDIT-003.json").unlink()
        findings = auditor.verify_audit_index(root)
&gt;       assert any("AUDIT_CURRENT_REPORT_MISSING" in f for f in findings), findings
E       AssertionError: ['AUDIT_HISTORICAL_REPORT_MISSING: docs/governance/gates/OAM-GATE-SAR-05-CDC-PROFILE-AUDIT-003.json']
E       assert False
E        +  where False = any(&lt;generator object test_audit_003_removed_while_current_fails.&lt;locals&gt;.&lt;genexpr&gt; at 0x105e4a5a0&gt;)

tests/test_audit_lineage.py:470: AssertionError</failure></testcase><testcase classname="tests.test_audit_lineage" name="test_every_audit_code_is_governed" time="0.156" /><testcase classname="tests.test_audit_lineage" name="test_audit_001_is_byte_identical_to_the_approved_head" time="0.073" /><testcase classname="tests.test_audit_lineage" name="test_audit_002_makes_no_correction_or_authority_claim" time="0.002" /><testcase classname="tests.test_audit_lineage" name="test_operational_index_is_not_in_the_contract_artifact_set" time="0.003" /><testcase classname="tests.test_audit_lineage" name="test_focused_audit_tests_do_not_mutate_the_reviewed_repository" time="0.004" /><testcase classname="tests.test_audit_lineage" name="test_index_verification_performs_no_network_access" time="1.257" /><testcase classname="tests.test_audit_lineage" name="test_state_binding_is_exactly_one_non_null" time="0.008" /><testcase classname="tests.test_audit_lineage" name="test_state_binding_mutations_fail[both non-null-&lt;lambda&gt;-AUDIT_STATE_BINDING_CONFLICT]" time="1.811" /><testcase classname="tests.test_audit_lineage" name="test_state_binding_mutations_fail[both null-&lt;lambda&gt;-AUDIT_STATE_BINDING_ABSENT]" time="1.028" /><testcase classname="tests.test_audit_lineage" name="test_state_binding_mutations_fail[head absent-&lt;lambda&gt;-AUDIT_STATE_BINDING_ABSENT]" time="0.905" /><testcase classname="tests.test_audit_lineage" name="test_state_binding_mutations_fail[digest absent-&lt;lambda&gt;-AUDIT_STATE_BINDING_ABSENT]" time="1.389" /><testcase classname="tests.test_audit_lineage" name="test_audit_index_path_confinement_rejects[absolute-/etc/passwd.json]" time="0.750" /><testcase classname="tests.test_audit_lineage" name="test_audit_index_path_confinement_rejects[parent traversal-docs/governance/gates/../../../outside.json]" time="0.891" /><testcase classname="tests.test_audit_lineage" name="test_audit_index_path_confinement_rejects[normalized traversal-docs/governance/../governance/gates/x.json]" time="0.710" /><testcase classname="tests.test_audit_lineage" name="test_audit_index_path_confinement_rejects[outside repository-../outside.json]" time="0.910" /><testcase classname="tests.test_audit_lineage" name="test_audit_index_path_confinement_rejects[outside governed directory-profile/index.json]" time="0.645" /><testcase classname="tests.test_audit_lineage" name="test_audit_index_path_confinement_rejects[malformed extension-docs/governance/gates/index.txt]" time="0.684" /><testcase classname="tests.test_audit_lineage" name="test_audit_index_path_confinement_rejects[report path supplied as index-docs/governance/gates/OAM-GATE-SAR-05-CDC-PROFILE-AUDIT-002.json]" time="0.623" /><testcase classname="tests.test_audit_lineage" name="test_audit_index_path_confinement_rejects[empty segment-docs//governance/gates/index.json]" time="0.785" /><testcase classname="tests.test_audit_lineage" name="test_symlinked_audit_index_and_parent_are_rejected" time="0.577" /><testcase classname="tests.test_audit_lineage" name="test_valid_confined_alternate_index_is_accepted" time="1.338" /><testcase classname="tests.test_audit_lineage" name="test_atomic_write_failure_paths_leave_nothing_behind[temporary file creation fails-mkstemp]" time="0.689" /><testcase classname="tests.test_audit_lineage" name="test_atomic_write_failure_paths_leave_nothing_behind[write fails-write]" time="0.235" /><testcase classname="tests.test_audit_lineage" name="test_atomic_write_failure_paths_leave_nothing_behind[fsync fails-fsync]" time="0.221" /><testcase classname="tests.test_audit_lineage" name="test_atomic_write_failure_paths_leave_nothing_behind[link publication fails-link]" time="0.229" /><testcase classname="tests.test_audit_lineage" name="test_operational_index_destination_is_refused" time="1.250" /><testcase classname="tests.test_audit_lineage" name="test_named_state_is_verified_from_the_git_object_tree" time="0.459" /><testcase classname="tests.test_audit_lineage" name="test_f1_m4_working_tree_substitution_still_passes" time="0.461" /><testcase classname="tests.test_audit_lineage" name="test_named_state_failures[unresolvable-ffffffffffffffffffffffffffffffffffffffff-AUDIT_STATE_HEAD_UNRESOLVABLE]" time="0.396" /><testcase classname="tests.test_audit_lineage" name="test_named_state_failures[resolvable but wrong state-6d7e633ad76e7dd06800e3a68f5889c36399ef9c-AUDIT_STATE_]" time="0.535" /><testcase classname="tests.test_audit_lineage" name="test_artifact_set_canonicalization_is_governed_by_the_matrix" time="0.004" /><testcase classname="tests.test_audit_lineage" name="test_artifact_set_digest_is_independently_reproducible" time="0.005" /><testcase classname="tests.test_audit_lineage" name="test_artifact_set_mutations_fail[member byte changed-&lt;lambda&gt;]" time="0.203" /><testcase classname="tests.test_audit_lineage" name="test_artifact_set_mutations_fail[member order changed-&lt;lambda&gt;]" time="0.252" /><testcase classname="tests.test_audit_lineage" name="test_artifact_set_mutations_fail[member omitted-&lt;lambda&gt;]" time="0.635" /><testcase classname="tests.test_audit_lineage" name="test_artifact_set_mutations_fail[canonicalization identifier changed-&lt;lambda&gt;]" time="0.347" /><testcase classname="tests.test_audit_lineage" name="test_artifact_set_mutations_fail[preimage template changed-&lt;lambda&gt;]" time="0.402" /><testcase classname="tests.test_audit_lineage" name="test_artifact_set_mutations_fail[line ending changed-&lt;lambda&gt;]" time="0.319" /><testcase classname="tests.test_audit_lineage" name="test_lineage_is_a_single_root_injective_linear_chain" time="0.001" /><testcase classname="tests.test_audit_lineage" name="test_lineage_and_role_mutations_fail[fork-&lt;lambda&gt;-AUDIT_SUPERSESSION_FORK]" time="0.002" /><testcase classname="tests.test_audit_lineage" name="test_lineage_and_role_mutations_fail[second root-&lt;lambda&gt;-AUDIT_SUPERSESSION_MULTIPLE_ROOTS]" time="0.001" /><testcase classname="tests.test_audit_lineage" name="test_lineage_and_role_mutations_fail[current is not terminus-&lt;lambda&gt;-AUDIT_SUPERSESSION_TERMINUS_MISMATCH]" time="0.001" /><testcase classname="tests.test_audit_lineage" name="test_lineage_and_role_mutations_fail[two current roles-&lt;lambda&gt;-AUDIT_CURRENT_ROLE_AMBIGUOUS]" time="0.001" /><testcase classname="tests.test_audit_lineage" name="test_lineage_and_role_mutations_fail[baseline on a non-root-&lt;lambda&gt;-AUDIT_BASELINE_ROLE_MISMATCH]" time="0.001" /><testcase classname="tests.test_audit_lineage" name="test_report_identity_is_bound_three_ways" time="0.002" /><testcase classname="tests.test_audit_lineage" name="test_report_generation_requires_an_explicit_report_id" time="0.682"><failure message="AssertionError: FAIL AUDIT_REPORT_OVERWRITE_PROHIBITED: docs/governance/gates/OAM-GATE-SAR-05-CDC-PROFILE-AUDIT-004.json&#10;  &#10;assert 1 == 0&#10; +  where 1 = CompletedProcess(args=['/Users/arkadiymiteiko/oam-cdc-reference-publication-candidate/.venv/bin/python', '/private/var...', stderr='FAIL AUDIT_REPORT_OVERWRITE_PROHIBITED: docs/governance/gates/OAM-GATE-SAR-05-CDC-PROFILE-AUDIT-004.json\n').returncode">tmp_path = PosixPath('/private/var/folders/47/n7bpzp2d3f35z35vskk5l2fh0000gn/T/pytest-of-arkadiymiteiko/pytest-55/test_report_generation_require0')

    @mutation
    def test_report_generation_requires_an_explicit_report_id(tmp_path: Path) -&gt; None:
        root = _isolated(tmp_path)
        fresh = "docs/governance/gates/OAM-GATE-SAR-05-CDC-PROFILE-AUDIT-004.json"
        missing = _run(root, "--write", fresh)
        assert missing.returncode == 1
        assert "AUDIT_REPORT_ID_REQUIRED" in missing.stderr
        mismatched = _run(
            root, "--write", fresh, "--report-id", "OAM-GATE-SAR-05-CDC-PROFILE-AUDIT-005"
        )
        assert mismatched.returncode == 1
        assert "AUDIT_REPORT_PATH_IDENTITY_MISMATCH" in mismatched.stderr
        good = _run(root, "--write", fresh, "--report-id", "OAM-GATE-SAR-05-CDC-PROFILE-AUDIT-004")
&gt;       assert good.returncode == 0, good.stderr
E       AssertionError: FAIL AUDIT_REPORT_OVERWRITE_PROHIBITED: docs/governance/gates/OAM-GATE-SAR-05-CDC-PROFILE-AUDIT-004.json
E         
E       assert 1 == 0
E        +  where 1 = CompletedProcess(args=['/Users/arkadiymiteiko/oam-cdc-reference-publication-candidate/.venv/bin/python', '/private/var...', stderr='FAIL AUDIT_REPORT_OVERWRITE_PROHIBITED: docs/governance/gates/OAM-GATE-SAR-05-CDC-PROFILE-AUDIT-004.json\n').returncode

tests/test_audit_lineage.py:1001: AssertionError</failure></testcase><testcase classname="tests.test_audit_lineage" name="test_report_role_self_assertion_is_rejected" time="0.381" /><testcase classname="tests.test_audit_lineage" name="test_production_entry_points_invoke_every_new_check" time="0.377" /><testcase classname="tests.test_cdc_profile_correction_authorization_002" name="test_authorization_is_persisted_at_its_exact_bytes" time="0.001" /><testcase classname="tests.test_cdc_profile_correction_authorization_002" name="test_authorization_is_tracked" time="0.019" /><testcase classname="tests.test_cdc_profile_correction_authorization_002" name="test_authorization_is_owner_executed_and_effective" time="0.001" /><testcase classname="tests.test_cdc_profile_correction_authorization_002" name="test_authorization_supersedes_001_for_future_execution" time="0.001" /><testcase classname="tests.test_cdc_profile_correction_authorization_002" name="test_authorization_supplies_both_owner_values" time="0.001" /><testcase classname="tests.test_cdc_profile_correction_authorization_002" name="test_authorization_confirms_the_deterministic_manifest_values" time="0.001" /><testcase classname="tests.test_cdc_profile_correction_authorization_002" name="test_authorization_fixes_the_deliverable_package_content_boundary" time="0.001" /><testcase classname="tests.test_cdc_profile_correction_authorization_002" name="test_authorization_withholds_every_prohibited_action" time="0.001" /><testcase classname="tests.test_cdc_profile_correction_authorization_002" name="test_authorization_index_registers_the_authorization_exactly" time="0.001" /><testcase classname="tests.test_cdc_profile_correction_authorization_002" name="test_index_registration_digests_match_the_file_on_disk" time="0.001" /><testcase classname="tests.test_cdc_profile_correction_authorization_002" name="test_index_records_both_owner_values" time="0.001" /><testcase classname="tests.test_cdc_profile_correction_authorization_002" name="test_index_records_authorization_001_as_historical_only" time="0.001" /><testcase classname="tests.test_cdc_profile_correction_authorization_002" name="test_index_names_the_current_correction_authority" time="0.001" /><testcase classname="tests.test_cdc_profile_correction_authorization_002" name="test_authorization_appears_once" time="0.001" /><testcase classname="tests.test_cdc_profile_correction_authorization_002" name="test_status_reflects_the_authority_and_the_supersession" time="0.001" /><testcase classname="tests.test_cdc_profile_correction_authorization_002" name="test_nothing_this_authorization_permits_has_been_created_yet" time="0.021"><failure message="AssertionError: profile/deliverable-profile.json&#10;assert not True&#10; +  where True = exists()&#10; +    where exists = (PosixPath('/private/tmp/oam-m1-s2-r1.7gUAmz/repo') / 'profile/deliverable-profile.json').exists">@contract
    def test_nothing_this_authorization_permits_has_been_created_yet() -&gt; None:
        """Profile correction is still blocked, so its artifacts still do not exist."""
        tracked = set(
            subprocess.run(
                ["git", "ls-files"], cwd=REPO, check=True, capture_output=True, text=True
            ).stdout.split()
        )
        for relpath in NOT_YET_CREATED:
            if relpath.endswith("AUDIT-003.json"):
                # Audit 003 was reassigned to the amendment state by the lineage-coupling
                # authorization; this authorization's report is now audit 004.
                continue
&gt;           assert not (REPO / relpath).exists(), relpath
E           AssertionError: profile/deliverable-profile.json
E           assert not True
E            +  where True = exists()
E            +    where exists = (PosixPath('/private/tmp/oam-m1-s2-r1.7gUAmz/repo') / 'profile/deliverable-profile.json').exists

tests/test_cdc_profile_correction_authorization_002.py:369: AssertionError</failure></testcase><testcase classname="tests.test_cdc_profile_correction_authorization_002" name="test_preservation_controlled_files_are_untouched" time="0.069" /><testcase classname="tests.test_cdc_profile_correction_authorization_002" name="test_the_approved_0_5_0_set_survives_as_historical_state" time="0.185" /><testcase classname="tests.test_cdc_profile_correction_authorization_002" name="test_the_audit_lineage_advanced_only_under_the_later_authorizations" time="0.002"><failure message="AssertionError: assert 'OAM-GATE-SAR...ILE-AUDIT-004' == 'OAM-GATE-SAR...ILE-AUDIT-003'&#10;  &#10;  - OAM-GATE-SAR-05-CDC-PROFILE-AUDIT-003&#10;  ?                                     ^&#10;  + OAM-GATE-SAR-05-CDC-PROFILE-AUDIT-004&#10;  ?                                     ^">@contract
    def test_the_audit_lineage_advanced_only_under_the_later_authorizations() -&gt; None:
        index = _load("docs/governance/gates/OAM-GATE-SAR-05-CDC-AUDIT-INDEX.json")
&gt;       assert index["current_report_id"] == "OAM-GATE-SAR-05-CDC-PROFILE-AUDIT-003"
E       AssertionError: assert 'OAM-GATE-SAR...ILE-AUDIT-004' == 'OAM-GATE-SAR...ILE-AUDIT-003'
E         
E         - OAM-GATE-SAR-05-CDC-PROFILE-AUDIT-003
E         ?                                     ^
E         + OAM-GATE-SAR-05-CDC-PROFILE-AUDIT-004
E         ?                                     ^

tests/test_cdc_profile_correction_authorization_002.py:395: AssertionError</failure></testcase><testcase classname="tests.test_cdc_profile_correction_authorization_002" name="test_index_entry_mutations_are_detected[sha256 absent-&lt;lambda&gt;]" time="0.001" /><testcase classname="tests.test_cdc_profile_correction_authorization_002" name="test_index_entry_mutations_are_detected[sha256 null-&lt;lambda&gt;]" time="0.001" /><testcase classname="tests.test_cdc_profile_correction_authorization_002" name="test_index_entry_mutations_are_detected[sha256 differs by one character-&lt;lambda&gt;]" time="0.001" /><testcase classname="tests.test_cdc_profile_correction_authorization_002" name="test_index_entry_mutations_are_detected[sha512 absent-&lt;lambda&gt;]" time="0.001" /><testcase classname="tests.test_cdc_profile_correction_authorization_002" name="test_index_entry_mutations_are_detected[sha512 differs by one character-&lt;lambda&gt;]" time="0.001" /><testcase classname="tests.test_cdc_profile_correction_authorization_002" name="test_index_entry_mutations_are_detected[byte length differs-&lt;lambda&gt;]" time="0.001" /><testcase classname="tests.test_cdc_profile_correction_authorization_002" name="test_index_entry_mutations_are_detected[owner absent-&lt;lambda&gt;]" time="0.001" /><testcase classname="tests.test_cdc_profile_correction_authorization_002" name="test_index_entry_mutations_are_detected[owner differs-&lt;lambda&gt;]" time="0.001" /><testcase classname="tests.test_cdc_profile_correction_authorization_002" name="test_index_entry_mutations_are_detected[timestamp differs by one second-&lt;lambda&gt;]" time="0.001" /><testcase classname="tests.test_cdc_profile_correction_authorization_002" name="test_index_entry_mutations_are_detected[starting head differs by one character-&lt;lambda&gt;]" time="0.002" /><testcase classname="tests.test_cdc_profile_correction_authorization_002" name="test_index_entry_mutations_are_detected[reverts to the stale 0.4.0 starting head-&lt;lambda&gt;]" time="0.001" /><testcase classname="tests.test_cdc_profile_correction_authorization_002" name="test_index_entry_mutations_are_detected[contract version differs-&lt;lambda&gt;]" time="0.001" /><testcase classname="tests.test_cdc_profile_correction_authorization_002" name="test_index_entry_mutations_are_detected[supersession dropped-&lt;lambda&gt;]" time="0.001" /><testcase classname="tests.test_cdc_profile_correction_authorization_002" name="test_index_entry_mutations_are_detected[an unauthorized extension point is added-&lt;lambda&gt;]" time="0.001" /><testcase classname="tests.test_cdc_profile_correction_authorization_002" name="test_index_entry_mutations_are_detected[the deliverable path is redirected-&lt;lambda&gt;]" time="0.002" /><testcase classname="tests.test_cdc_profile_correction_authorization_002" name="test_index_entry_mutations_are_detected[semantic gate silently released-&lt;lambda&gt;]" time="0.001" /><testcase classname="tests.test_cdc_profile_correction_authorization_002" name="test_a_withheld_extension_point_is_not_authorized[BenchmarkProfile]" time="0.001" /><testcase classname="tests.test_cdc_profile_correction_authorization_002" name="test_a_withheld_extension_point_is_not_authorized[ControlPackProvider]" time="0.001" /><testcase classname="tests.test_cdc_profile_correction_authorization_002" name="test_a_withheld_extension_point_is_not_authorized[EvidenceAdapter]" time="0.001" /><testcase classname="tests.test_cdc_profile_correction_authorization_002" name="test_a_withheld_extension_point_is_not_authorized[ExportAdapter]" time="0.002" /><testcase classname="tests.test_cdc_profile_correction_authorization_002" name="test_a_withheld_extension_point_is_not_authorized[PopulationAdapter]" time="0.001" /><testcase classname="tests.test_cdc_profile_correction_authorization_002" name="test_a_withheld_extension_point_is_not_authorized[SignalProfile]" time="0.001" /><testcase classname="tests.test_cdc_profile_correction_authorization_002" name="test_a_forged_authorization_body_does_not_match_the_registered_digest" time="0.001" /><testcase classname="tests.test_cdc_profile_correction_authorization_002" name="test_authorization_001_cannot_be_promoted_back_to_effective" time="0.001" /><testcase classname="tests.test_cdc_profile_correction_authorization_002" name="test_authorization_003_record_bytes_are_exact" time="0.001" /><testcase classname="tests.test_cdc_profile_correction_authorization_002" name="test_authorization_003_is_registered_with_exact_identity" time="0.002" /><testcase classname="tests.test_cdc_profile_correction_authorization_002" name="test_authorization_003_binds_the_accepted_starting_head_and_approval_reference" time="0.001" /><testcase classname="tests.test_cdc_profile_correction_authorization_002" name="test_authorization_003_supersedes_002_for_future_execution_only" time="0.001" /><testcase classname="tests.test_cdc_profile_correction_authorization_002" name="test_authorization_002_bytes_and_registration_are_unchanged" time="0.001" /><testcase classname="tests.test_cdc_profile_correction_authorization_002" name="test_authorization_003_does_not_grant_implementation_directly" time="0.001" /><testcase classname="tests.test_cdc_profile_correction_authorization_002" name="test_stage_b_artifacts_remain_absent" time="0.030"><failure message="AssertionError: profile/profile-manifest.json&#10;assert not True&#10; +  where True = exists()&#10; +    where exists = (PosixPath('/private/tmp/oam-m1-s2-r1.7gUAmz/repo') / 'profile/profile-manifest.json').exists">@contract
    def test_stage_b_artifacts_remain_absent() -&gt; None:
        """No ProfileManifest, deliverable profile or audit 004 may exist yet."""
        tracked = set(
            subprocess.run(
                ["git", "ls-files"], cwd=REPO, check=True, capture_output=True, text=True
            ).stdout.split()
        )
        for relpath in STAGE_B_PATHS:
&gt;           assert not (REPO / relpath).exists(), relpath
E           AssertionError: profile/profile-manifest.json
E           assert not True
E            +  where True = exists()
E            +    where exists = (PosixPath('/private/tmp/oam-m1-s2-r1.7gUAmz/repo') / 'profile/profile-manifest.json').exists

tests/test_cdc_profile_correction_authorization_002.py:659: AssertionError</failure></testcase><testcase classname="tests.test_cdc_profile_correction_authorization_002" name="test_operational_audit_index_and_schema_are_unchanged" time="0.002"><failure message="AssertionError: docs/governance/gates/OAM-GATE-SAR-05-CDC-AUDIT-INDEX.json&#10;assert '20de3c39d714...3ee8c202bb376' == '347fde4f4a8f...428476693c190'&#10;  &#10;  - 347fde4f4a8f88f485fc661b12fd1280065ffe410ecac63aca5428476693c190&#10;  + 20de3c39d714f392d6511efc9aeb2b49a011c9a168baa1a7d683ee8c202bb376">@contract
    def test_operational_audit_index_and_schema_are_unchanged() -&gt; None:
        """The audit-index transition belongs to the later implementation commit."""
        for relpath, digest in (
            (OPERATIONAL_AUDIT_INDEX, OPERATIONAL_AUDIT_INDEX_SHA256),
            (AUDIT_INDEX_SCHEMA, AUDIT_INDEX_SCHEMA_SHA256),
        ):
            body = (REPO / relpath).read_bytes()
&gt;           assert hashlib.sha256(body).hexdigest() == digest, relpath
E           AssertionError: docs/governance/gates/OAM-GATE-SAR-05-CDC-AUDIT-INDEX.json
E           assert '20de3c39d714...3ee8c202bb376' == '347fde4f4a8f...428476693c190'
E             
E             - 347fde4f4a8f88f485fc661b12fd1280065ffe410ecac63aca5428476693c190
E             + 20de3c39d714f392d6511efc9aeb2b49a011c9a168baa1a7d683ee8c202bb376

tests/test_cdc_profile_correction_authorization_002.py:671: AssertionError</failure></testcase><testcase classname="tests.test_cdc_profile_correction_authorization_002" name="test_negative_authority_is_preserved_in_status_and_index" time="0.001" /><testcase classname="tests.test_cdc_profile_correction_authorization_002" name="test_historical_authorizations_are_unaltered" time="0.003" /><testcase classname="tests.test_cdc_profile_correction_authorization_002" name="test_authorization_003_protection_mutations_are_detected[byte length changed-&lt;lambda&gt;]" time="0.001" /><testcase classname="tests.test_cdc_profile_correction_authorization_002" name="test_authorization_003_protection_mutations_are_detected[sha256 changed-&lt;lambda&gt;]" time="0.001" /><testcase classname="tests.test_cdc_profile_correction_authorization_002" name="test_authorization_003_protection_mutations_are_detected[sha512 changed-&lt;lambda&gt;]" time="0.002" /><testcase classname="tests.test_cdc_profile_correction_authorization_002" name="test_authorization_003_protection_mutations_are_detected[identifier changed-&lt;lambda&gt;]" time="0.001" /><testcase classname="tests.test_cdc_profile_correction_authorization_002" name="test_authorization_003_protection_mutations_are_detected[index path changed-&lt;lambda&gt;]" time="0.001" /><testcase classname="tests.test_cdc_profile_correction_authorization_002" name="test_authorization_003_protection_mutations_are_detected[starting head changed-&lt;lambda&gt;]" time="0.001" /><testcase classname="tests.test_cdc_profile_correction_authorization_002" name="test_authorization_003_protection_mutations_are_detected[owner approval reference changed-&lt;lambda&gt;]" time="0.001" /><testcase classname="tests.test_cdc_profile_correction_authorization_002" name="test_authorization_003_protection_mutations_are_detected[supersession removed-&lt;lambda&gt;]" time="0.002" /><testcase classname="tests.test_cdc_profile_correction_authorization_002" name="test_authorization_003_protection_mutations_are_detected[supersession inverted-&lt;lambda&gt;]" time="0.001" /><testcase classname="tests.test_cdc_profile_correction_authorization_002" name="test_a_forged_authorization_003_body_does_not_match_the_registered_digest" time="0.003" /><testcase classname="tests.test_close_001" name="test_pmp_population_is_classified_as_a_transcription" time="0.001" /><testcase classname="tests.test_close_001" name="test_transcription_digest_matches_the_transcription" time="0.001" /><testcase classname="tests.test_close_001" name="test_no_document_calls_the_transcription_an_exact_source_snapshot" time="0.001" /><testcase classname="tests.test_close_001" name="test_every_pmp_record_declares_its_evidence_class" time="0.001" /><testcase classname="tests.test_close_001" name="test_mutation_transcription_digest_presented_as_official_source_digest" time="0.001" /><testcase classname="tests.test_close_001" name="test_mission_is_a_real_partial_mission" time="0.001" /><testcase classname="tests.test_close_001" name="test_marker_only_cannot_satisfy_exact_award_evidence" time="0.001" /><testcase classname="tests.test_close_001" name="test_absent_evaluation_material_is_not_reported_as_coverage" time="0.001" /><testcase classname="tests.test_close_001" name="test_mutation_partial_mission_cannot_be_promoted_by_a_boolean" time="0.001" /><testcase classname="tests.test_close_001" name="test_mutation_award_marker_relabelled_as_exact_artifact" time="0.001" /><testcase classname="tests.test_close_001" name="test_every_source_carries_a_complete_engineering_basis" time="0.001" /><testcase classname="tests.test_close_001" name="test_no_source_is_public_repo_bytes_without_a_sufficient_basis" time="0.002" /><testcase classname="tests.test_close_001" name="test_no_disposition_is_described_as_legal_clearance" time="0.001" /><testcase classname="tests.test_close_001" name="test_the_two_large_gazettes_remain_local_only" time="0.001" /><testcase classname="tests.test_close_001" name="test_no_source_bytes_are_tracked" time="0.027" /><testcase classname="tests.test_close_001" name="test_the_bootstrap_history_disclosure_is_recorded" time="0.001" /><testcase classname="tests.test_close_001" name="test_mutation_public_repo_bytes_without_a_basis_reference" time="0.001" /><testcase classname="tests.test_close_001" name="test_mutation_public_availability_alone_cannot_produce_redistribution" time="0.001" /><testcase classname="tests.test_close_001" name="test_mutation_local_only_described_as_repository_contained" time="0.001" /><testcase classname="tests.test_close_001" name="test_mutation_engineering_disposition_labelled_a_legal_opinion" time="0.002" /><testcase classname="tests.test_close_001" name="test_freeze_index_covers_every_source_completely" time="0.001" /><testcase classname="tests.test_close_001" name="test_tracked_file_inventory_matches_git" time="0.033"><failure message="AssertionError: assert '20de3c39d714...3ee8c202bb376' == '347fde4f4a8f...428476693c190'&#10;  &#10;  - 347fde4f4a8f88f485fc661b12fd1280065ffe410ecac63aca5428476693c190&#10;  + 20de3c39d714f392d6511efc9aeb2b49a011c9a168baa1a7d683ee8c202bb376">@contract
    def test_tracked_file_inventory_matches_git() -&gt; None:
        inventory = load("corpus/TRACKED-FILE-INVENTORY.json")
        tracked = set(
            subprocess.run(
                ["git", "ls-files"], cwd=REPO, check=True, capture_output=True, text=True
            ).stdout.splitlines()
        )
        # The inventory cannot record its own digest, so it excludes itself.
        listed = {e["path"] for e in inventory["files"]}
        assert "corpus/TRACKED-FILE-INVENTORY.json" not in listed
        assert listed == tracked - {"corpus/TRACKED-FILE-INVENTORY.json"}, (
            f"inventory drift: {listed ^ (tracked - {'corpus/TRACKED-FILE-INVENTORY.json'})}"
        )
        for entry in inventory["files"]:
            body = (REPO / entry["path"]).read_bytes()
&gt;           assert hashlib.sha256(body).hexdigest() == entry["sha256"]
E           AssertionError: assert '20de3c39d714...3ee8c202bb376' == '347fde4f4a8f...428476693c190'
E             
E             - 347fde4f4a8f88f485fc661b12fd1280065ffe410ecac63aca5428476693c190
E             + 20de3c39d714f392d6511efc9aeb2b49a011c9a168baa1a7d683ee8c202bb376

tests/test_close_001.py:433: AssertionError</failure></testcase><testcase classname="tests.test_close_001" name="test_sbom_is_present_parseable_and_current" time="1.896" /><testcase classname="tests.test_close_001" name="test_sbom_declares_no_application_license" time="0.001" /><testcase classname="tests.test_close_001" name="test_no_egress_during_verification" time="0.069" /><testcase classname="tests.test_close_001" name="test_no_egress_during_credential_scan" time="0.666" /><testcase classname="tests.test_close_001" name="test_mutation_a_socket_call_during_verification_fails" time="0.004" /><testcase classname="tests.test_close_001" name="test_mutation_an_http_call_during_verification_fails" time="0.002" /><testcase classname="tests.test_close_001" name="test_ci_is_configured_and_declared_unexecuted" time="0.003" /><testcase classname="tests.test_close_001" name="test_repository_has_no_remote_and_no_license" time="0.181" /><testcase classname="tests.test_close_002" name="test_authorization_is_the_owner_document" time="0.001" /><testcase classname="tests.test_close_002" name="test_authorization_index_binds_the_document" time="0.003" /><testcase classname="tests.test_close_002" name="test_approval_002_index_entry_carries_owner_and_effective_timestamp" time="0.001" /><testcase classname="tests.test_close_002" name="test_approval_002_owner_metadata_mutations_fail[owner absent-&lt;lambda&gt;]" time="0.004" /><testcase classname="tests.test_close_002" name="test_approval_002_owner_metadata_mutations_fail[owner differs by one character-&lt;lambda&gt;]" time="0.002" /><testcase classname="tests.test_close_002" name="test_approval_002_owner_metadata_mutations_fail[owner null-&lt;lambda&gt;]" time="0.002" /><testcase classname="tests.test_close_002" name="test_approval_002_owner_metadata_mutations_fail[timestamp absent-&lt;lambda&gt;]" time="0.002" /><testcase classname="tests.test_close_002" name="test_approval_002_owner_metadata_mutations_fail[timestamp differs by one character-&lt;lambda&gt;]" time="0.002" /><testcase classname="tests.test_close_002" name="test_approval_002_owner_metadata_mutations_fail[timestamp null-&lt;lambda&gt;]" time="0.002" /><testcase classname="tests.test_close_002" name="test_owner_metadata_on_the_wrong_record_does_not_satisfy_approval_002" time="0.002" /><testcase classname="tests.test_close_002" name="test_closure_instructions_are_not_indexed_as_authorizations" time="0.001" /><testcase classname="tests.test_close_002" name="test_public_verification_succeeds_without_source_bytes" time="1.731" /><testcase classname="tests.test_close_002" name="test_public_verification_never_claims_exact_byte_reproduction" time="0.046" /><testcase classname="tests.test_close_002" name="test_local_verification_verifies_all_eight_sources" time="0.000"><skipped type="pytest.skip" message="local exact evidence is not present in this checkout">/private/tmp/oam-m1-s2-r1.7gUAmz/repo/tests/test_close_002.py:256: local exact evidence is not present in this checkout</skipped></testcase><testcase classname="tests.test_close_002" name="test_mutation_local_verification_fails_when_a_source_is_absent" time="0.000"><skipped type="pytest.skip" message="local exact evidence is not present in this checkout">/private/tmp/oam-m1-s2-r1.7gUAmz/repo/tests/test_close_002.py:288: local exact evidence is not present in this checkout</skipped></testcase><testcase classname="tests.test_close_002" name="test_mutation_local_verification_fails_on_one_byte_change" time="0.000"><skipped type="pytest.skip" message="local exact evidence is not present in this checkout">/private/tmp/oam-m1-s2-r1.7gUAmz/repo/tests/test_close_002.py:299: local exact evidence is not present in this checkout</skipped></testcase><testcase classname="tests.test_close_002" name="test_mutation_local_verification_fails_on_an_unregistered_source" time="0.000"><skipped type="pytest.skip" message="local exact evidence is not present in this checkout">/private/tmp/oam-m1-s2-r1.7gUAmz/repo/tests/test_close_002.py:314: local exact evidence is not present in this checkout</skipped></testcase><testcase classname="tests.test_close_002" name="test_ci_public_verification_does_not_depend_on_local_evidence" time="0.001" /><testcase classname="tests.test_close_002" name="test_change_accounting_is_generated_and_consistent" time="0.001" /><testcase classname="tests.test_close_002" name="test_inventory_exclusion_is_explicit" time="0.001" /><testcase classname="tests.test_close_002" name="test_forbidden_blob_scanner_lists_every_acquired_hash" time="0.005" /><testcase classname="tests.test_close_002" name="test_repository_declares_exactly_one_role" time="24.109" /><testcase classname="tests.test_close_002" name="test_publication_lineage_when_present" time="0.061" /><testcase classname="tests.test_close_002" name="test_mutation_forbidden_blob_scan_detects_a_planted_source" time="0.152"><skipped type="pytest.skip" message="local exact evidence is not present in this checkout">/private/tmp/oam-m1-s2-r1.7gUAmz/repo/tests/test_close_002.py:456: local exact evidence is not present in this checkout</skipped></testcase><testcase classname="tests.test_close_002" name="test_preserved_boundaries" time="0.002" /><testcase classname="tests.test_close_002" name="test_clean_root_commit_has_no_parent" time="0.023" /><testcase classname="tests.test_close_002" name="test_lineage_binding_commit_descends_directly_from_the_clean_root" time="0.846" /><testcase classname="tests.test_close_002" name="test_lineage_binds_the_exact_clean_root_and_tree" time="0.021" /><testcase classname="tests.test_close_002" name="test_exported_tree_digest_declares_its_scope_and_exclusions" time="0.001" /><testcase classname="tests.test_close_002" name="test_lineage_does_not_contain_its_own_binding_commit_sha" time="0.024" /><testcase classname="tests.test_close_002" name="test_publication_remains_unauthorized_and_gate_blocked" time="0.001" /><testcase classname="tests.test_close_002" name="test_audit_lineage_authorization_index_entry_is_exact" time="0.002" /><testcase classname="tests.test_contract_amendment_approval_003" name="test_approval_record_is_persisted_at_its_exact_bytes" time="0.002" /><testcase classname="tests.test_contract_amendment_approval_003" name="test_approval_record_is_tracked" time="0.022" /><testcase classname="tests.test_contract_amendment_approval_003" name="test_approval_record_is_owner_executed_and_effective" time="0.002" /><testcase classname="tests.test_contract_amendment_approval_003" name="test_approval_record_withholds_every_prohibited_authorization" time="0.001" /><testcase classname="tests.test_contract_amendment_approval_003" name="test_approval_record_carries_the_owner_semantic_adjudications" time="0.000" /><testcase classname="tests.test_contract_amendment_approval_003" name="test_authorization_index_registers_the_approval_exactly" time="0.001" /><testcase classname="tests.test_contract_amendment_approval_003" name="test_index_registration_digests_match_the_file_on_disk" time="0.001" /><testcase classname="tests.test_contract_amendment_approval_003" name="test_index_records_the_effective_control_state" time="0.001" /><testcase classname="tests.test_contract_amendment_approval_003" name="test_approval_appears_once_and_only_as_an_owner_authorization" time="0.001" /><testcase classname="tests.test_contract_amendment_approval_003" name="test_the_approved_artifact_set_is_intact_as_historical_state" time="0.153" /><testcase classname="tests.test_contract_amendment_approval_003" name="test_approved_lineage_artifacts_are_unmodified" time="0.028" /><testcase classname="tests.test_contract_amendment_approval_003" name="test_approved_head_is_an_ancestor_of_the_current_head" time="0.065" /><testcase classname="tests.test_contract_amendment_approval_003" name="test_artifact_set_digest_recomputes_to_the_approved_value_at_tree_h" time="0.211" /><testcase classname="tests.test_contract_amendment_approval_003" name="test_in_document_approval_field_remains_as_approved" time="0.002" /><testcase classname="tests.test_contract_amendment_approval_003" name="test_index_entry_mutations_are_detected[sha256 absent-&lt;lambda&gt;]" time="0.001" /><testcase classname="tests.test_contract_amendment_approval_003" name="test_index_entry_mutations_are_detected[sha256 null-&lt;lambda&gt;]" time="0.002" /><testcase classname="tests.test_contract_amendment_approval_003" name="test_index_entry_mutations_are_detected[sha256 differs by one character-&lt;lambda&gt;]" time="0.001" /><testcase classname="tests.test_contract_amendment_approval_003" name="test_index_entry_mutations_are_detected[sha512 absent-&lt;lambda&gt;]" time="0.002" /><testcase classname="tests.test_contract_amendment_approval_003" name="test_index_entry_mutations_are_detected[sha512 differs by one character-&lt;lambda&gt;]" time="0.003" /><testcase classname="tests.test_contract_amendment_approval_003" name="test_index_entry_mutations_are_detected[byte length differs-&lt;lambda&gt;]" time="0.001" /><testcase classname="tests.test_contract_amendment_approval_003" name="test_index_entry_mutations_are_detected[owner absent-&lt;lambda&gt;]" time="0.001" /><testcase classname="tests.test_contract_amendment_approval_003" name="test_index_entry_mutations_are_detected[owner differs-&lt;lambda&gt;]" time="0.002" /><testcase classname="tests.test_contract_amendment_approval_003" name="test_index_entry_mutations_are_detected[timestamp absent-&lt;lambda&gt;]" time="0.002" /><testcase classname="tests.test_contract_amendment_approval_003" name="test_index_entry_mutations_are_detected[timestamp differs by one second-&lt;lambda&gt;]" time="0.001" /><testcase classname="tests.test_contract_amendment_approval_003" name="test_index_entry_mutations_are_detected[approved head differs by one character-&lt;lambda&gt;]" time="0.002" /><testcase classname="tests.test_contract_amendment_approval_003" name="test_index_entry_mutations_are_detected[approved artifact set digest differs-&lt;lambda&gt;]" time="0.002" /><testcase classname="tests.test_contract_amendment_approval_003" name="test_index_entry_mutations_are_detected[path differs-&lt;lambda&gt;]" time="0.001" /><testcase classname="tests.test_contract_amendment_approval_003" name="test_index_entry_mutations_are_detected[approval not effective-&lt;lambda&gt;]" time="0.001" /><testcase classname="tests.test_contract_amendment_approval_003" name="test_index_entry_mutations_are_detected[semantic gate silently released-&lt;lambda&gt;]" time="0.001" /><testcase classname="tests.test_contract_amendment_approval_003" name="test_a_single_byte_change_to_any_approved_member_breaks_the_set_digest[docs/governance/gates/OAM-GATE-SAR-05-AUDIT-INDEX-001.schema.json]" time="0.003" /><testcase classname="tests.test_contract_amendment_approval_003" name="test_a_single_byte_change_to_any_approved_member_breaks_the_set_digest[docs/governance/gates/OAM-GATE-SAR-05-CAPABILITY-MATRIX-001.json]" time="0.003" /><testcase classname="tests.test_contract_amendment_approval_003" name="test_a_single_byte_change_to_any_approved_member_breaks_the_set_digest[docs/governance/gates/OAM-GATE-SAR-05-EXTENSION-INSTANCE-001.schema.json]" time="0.003" /><testcase classname="tests.test_contract_amendment_approval_003" name="test_a_single_byte_change_to_any_approved_member_breaks_the_set_digest[docs/governance/gates/OAM-GATE-SAR-05-NAMESPACE-RULES-001.schema.json]" time="0.003" /><testcase classname="tests.test_contract_amendment_approval_003" name="test_a_single_byte_change_to_any_approved_member_breaks_the_set_digest[docs/governance/gates/OAM-GATE-SAR-05-PROFILE-CONTRACT-001.md]" time="0.003" /><testcase classname="tests.test_contract_amendment_approval_003" name="test_a_single_byte_change_to_any_approved_member_breaks_the_set_digest[tools/audit_cdc_profile_conformance.py]" time="0.003" /><testcase classname="tests.test_contract_amendment_approval_003" name="test_a_single_byte_change_to_any_approved_member_breaks_the_set_digest[tools/verify_gate_sar_05_contract.py]" time="0.003" /><testcase classname="tests.test_contract_amendment_approval_003" name="test_a_forged_approval_body_does_not_match_the_registered_digest" time="0.001" /><testcase classname="tests.test_contract_amendment_approval_003_correction_001" name="test_correction_record_is_persisted_at_its_exact_bytes" time="0.003" /><testcase classname="tests.test_contract_amendment_approval_003_correction_001" name="test_correction_record_is_tracked" time="0.028" /><testcase classname="tests.test_contract_amendment_approval_003_correction_001" name="test_correction_record_is_owner_executed_and_effective" time="0.001" /><testcase classname="tests.test_contract_amendment_approval_003_correction_001" name="test_correction_record_binds_the_approval_it_corrects" time="0.000" /><testcase classname="tests.test_contract_amendment_approval_003_correction_001" name="test_correction_record_states_both_corrections_in_both_directions" time="0.001" /><testcase classname="tests.test_contract_amendment_approval_003_correction_001" name="test_correction_record_restates_the_member_digests_unchanged" time="0.001" /><testcase classname="tests.test_contract_amendment_approval_003_correction_001" name="test_correction_record_carries_the_embedded_field_adjudication" time="0.001" /><testcase classname="tests.test_contract_amendment_approval_003_correction_001" name="test_correction_record_withholds_every_prohibited_authorization" time="0.001" /><testcase classname="tests.test_contract_amendment_approval_003_correction_001" name="test_both_erroneous_paths_do_not_exist_and_are_not_tracked" time="0.023" /><testcase classname="tests.test_contract_amendment_approval_003_correction_001" name="test_both_corrected_paths_exist_at_the_restated_digests_at_tree_h" time="0.050" /><testcase classname="tests.test_contract_amendment_approval_003_correction_001" name="test_both_corrected_paths_are_real_artifact_set_members" time="0.003" /><testcase classname="tests.test_contract_amendment_approval_003_correction_001" name="test_no_cdc_profile_manifest_exists_anywhere_in_the_repository" time="0.035" /><testcase classname="tests.test_contract_amendment_approval_003_correction_001" name="test_the_correction_did_not_move_the_artifact_set_digest" time="0.200" /><testcase classname="tests.test_contract_amendment_approval_003_correction_001" name="test_approval_003_is_unchanged_by_the_correction" time="0.001" /><testcase classname="tests.test_contract_amendment_approval_003_correction_001" name="test_authorization_index_registers_the_correction_exactly" time="0.001" /><testcase classname="tests.test_contract_amendment_approval_003_correction_001" name="test_index_registration_digests_match_the_file_on_disk" time="0.001" /><testcase classname="tests.test_contract_amendment_approval_003_correction_001" name="test_index_lists_the_approved_paths_and_records_the_correction" time="0.002" /><testcase classname="tests.test_contract_amendment_approval_003_correction_001" name="test_index_carries_the_embedded_field_adjudication" time="0.001" /><testcase classname="tests.test_contract_amendment_approval_003_correction_001" name="test_correction_appears_once_and_the_index_still_holds_only_owner_records" time="0.001" /><testcase classname="tests.test_contract_amendment_approval_003_correction_001" name="test_status_reflects_the_corrected_paths_and_the_adjudication" time="0.001" /><testcase classname="tests.test_contract_amendment_approval_003_correction_001" name="test_the_correction_cannot_be_read_as_editing_the_approved_bytes" time="0.149" /><testcase classname="tests.test_contract_amendment_approval_003_correction_001" name="test_index_entry_mutations_are_detected[sha256 absent-&lt;lambda&gt;]" time="0.001" /><testcase classname="tests.test_contract_amendment_approval_003_correction_001" name="test_index_entry_mutations_are_detected[sha256 null-&lt;lambda&gt;]" time="0.001" /><testcase classname="tests.test_contract_amendment_approval_003_correction_001" name="test_index_entry_mutations_are_detected[sha256 differs by one character-&lt;lambda&gt;]" time="0.001" /><testcase classname="tests.test_contract_amendment_approval_003_correction_001" name="test_index_entry_mutations_are_detected[sha512 absent-&lt;lambda&gt;]" time="0.001" /><testcase classname="tests.test_contract_amendment_approval_003_correction_001" name="test_index_entry_mutations_are_detected[sha512 differs by one character-&lt;lambda&gt;]" time="0.001" /><testcase classname="tests.test_contract_amendment_approval_003_correction_001" name="test_index_entry_mutations_are_detected[byte length differs-&lt;lambda&gt;]" time="0.001" /><testcase classname="tests.test_contract_amendment_approval_003_correction_001" name="test_index_entry_mutations_are_detected[owner absent-&lt;lambda&gt;]" time="0.001" /><testcase classname="tests.test_contract_amendment_approval_003_correction_001" name="test_index_entry_mutations_are_detected[owner dif
[...]
me="0.824" /><testcase classname="tests.test_profile_aware_audit" name="test_mut_deliverable_binding_fields_are_checkable[deliverable length-&lt;lambda&gt;]" time="0.622" /><testcase classname="tests.test_profile_aware_audit" name="test_mut_deliverable_binding_fields_are_checkable[deliverable sha256-&lt;lambda&gt;]" time="0.807" /><testcase classname="tests.test_profile_aware_audit" name="test_mut_deliverable_binding_fields_are_checkable[deliverable sha512-&lt;lambda&gt;]" time="0.899" /><testcase classname="tests.test_profile_aware_audit" name="test_mut_validation_result_integrity[validation failed but success claimed-GATE_SAR_05_PROFILE_CONFORMANCE_INVALID-None]" time="0.001" /><testcase classname="tests.test_profile_aware_audit" name="test_mut_validation_result_integrity[computed status mismatch-GATE_SAR_05_PROFILE_CONFORMANCE_VALID-STRUCTURALLY_VALID_CORE_BOUND]" time="0.001" /><testcase classname="tests.test_profile_aware_audit" name="test_mut_package_binding_block_is_complete_when_valid" time="0.823" /><testcase classname="tests.test_profile_aware_audit" name="test_mut_no_stale_missing_findings_for_a_valid_package" time="0.901" /><testcase classname="tests.test_profile_aware_audit" name="test_mut_negative_claims_survive_a_valid_package[gate_closure_authorized]" time="0.768" /><testcase classname="tests.test_profile_aware_audit" name="test_mut_negative_claims_survive_a_valid_package[publication_authorized]" time="0.900" /><testcase classname="tests.test_profile_aware_audit" name="test_mut_negative_claims_survive_a_valid_package[profile_correction_authorized]" time="1.554" /><testcase classname="tests.test_profile_aware_audit" name="test_mut_working_tree_mutation_after_binding_is_not_ignored" time="1.116" /><testcase classname="tests.test_profile_aware_audit" name="test_mut_removing_a_new_rule_diverges_from_the_markdown[AL-21]" time="0.004" /><testcase classname="tests.test_profile_aware_audit" name="test_mut_removing_a_new_rule_diverges_from_the_markdown[AL-22]" time="0.003" /><testcase classname="tests.test_profile_aware_audit" name="test_mut_removing_a_new_rule_diverges_from_the_markdown[AL-23]" time="0.003" /><testcase classname="tests.test_profile_aware_audit" name="test_mut_removing_a_new_rule_diverges_from_the_markdown[AL-24]" time="0.003" /><testcase classname="tests.test_profile_aware_audit" name="test_mut_removing_a_new_code_is_visible[AUDIT_DELIVERABLE_PACKAGE_BINDING_MISMATCH]" time="0.003" /><testcase classname="tests.test_profile_aware_audit" name="test_mut_removing_a_new_code_is_visible[AUDIT_PROFILE_MANIFEST_INVALID]" time="0.003" /><testcase classname="tests.test_profile_aware_audit" name="test_mut_removing_a_new_code_is_visible[AUDIT_PROFILE_MANIFEST_MISSING]" time="0.003" /><testcase classname="tests.test_profile_aware_audit" name="test_mut_removing_a_new_code_is_visible[AUDIT_PROFILE_MANIFEST_UNREADABLE]" time="0.003" /><testcase classname="tests.test_profile_aware_audit" name="test_mut_removing_a_new_code_is_visible[AUDIT_PROFILE_NAMESPACE_MISSING]" time="0.003" /><testcase classname="tests.test_profile_aware_audit" name="test_mut_removing_a_new_code_is_visible[AUDIT_PROFILE_PACKAGE_BINDING_MISMATCH]" time="0.002" /><testcase classname="tests.test_profile_aware_audit" name="test_mut_removing_a_new_code_is_visible[AUDIT_PROFILE_VALIDATION_RESULT_MISMATCH]" time="0.003" /><testcase classname="tests.test_profile_aware_audit" name="test_mut_matrix_binding_removal_is_visible" time="0.003" /><testcase classname="tests.test_profile_aware_audit" name="test_mut_a_schema_left_at_the_old_version_is_rejected[docs/governance/gates/OAM-GATE-SAR-05-NAMESPACE-RULES-001.schema.json]" time="1.008" /><testcase classname="tests.test_profile_aware_audit" name="test_mut_a_schema_left_at_the_old_version_is_rejected[docs/governance/gates/OAM-GATE-SAR-05-EXTENSION-INSTANCE-001.schema.json]" time="0.809" /><testcase classname="tests.test_profile_aware_audit" name="test_mut_verifier_left_at_the_old_version_is_rejected" time="0.627" /><testcase classname="tests.test_profile_aware_audit" name="test_mut_a_code_left_at_the_old_version_is_rejected" time="0.673" /><testcase classname="tests.test_profile_aware_audit" name="test_mut_index_omitting_audit_003_fails" time="0.978" /><testcase classname="tests.test_profile_aware_audit" name="test_mut_index_leaving_audit_002_current_fails" time="1.014" /><testcase classname="tests.test_profile_aware_audit" name="test_mut_lineage_fork_fails" time="1.062" /><testcase classname="tests.test_profile_aware_audit" name="test_mut_reverting_the_audit_002_rebinding_fails" time="0.666" /><testcase classname="tests.test_profile_aware_audit" name="test_mut_generalizing_the_rebinding_to_audit_001_fails" time="0.905" /><testcase classname="tests.test_profile_aware_audit" name="test_mut_a_wrong_historical_head_fails" time="1.137" /><testcase classname="tests.test_profile_aware_audit" name="test_mut_audit_002_report_byte_change_fails" time="1.078" /><testcase classname="tests.test_profile_aware_audit" name="test_mut_audit_003_identity_mismatch_is_rejected" time="0.628" /><testcase classname="tests.test_profile_aware_audit" name="test_mut_namespace_failure_is_classified_as_namespace_missing[missing namespace-&lt;lambda&gt;]" time="1.197" /><testcase classname="tests.test_profile_aware_audit" name="test_mut_namespace_failure_is_classified_as_namespace_missing[invalid namespace-&lt;lambda&gt;]" time="0.809" /><testcase classname="tests.test_profile_aware_audit" name="test_mut_namespace_failure_is_not_erased_by_its_own_schema_finding" time="0.772" /><testcase classname="tests.test_profile_aware_audit" name="test_mut_an_independent_failure_still_reports_manifest_invalid" time="1.026" /><testcase classname="tests.test_profile_aware_audit" name="test_mut_namespace_and_independent_failures_are_both_classified" time="0.843" /><testcase classname="tests.test_profile_aware_audit" name="test_the_production_path_does_not_revalidate_the_namespace_itself" time="0.001" /><testcase classname="tests.test_profile_aware_audit" name="test_the_bound_manifest_digest_is_recomputed_not_copied" time="1.076" /><testcase classname="tests.test_profile_aware_audit" name="test_post_validation_digest_recomputation_is_actually_invoked" time="0.812" /><testcase classname="tests.test_profile_aware_audit" name="test_a_lying_manifest_digest_claim_is_not_bound" time="1.698" /><testcase classname="tests.test_profile_aware_audit" name="test_mut_fabricated_validation_values_fail_through_audit_integration[fabricated status-changes0]" time="0.708" /><testcase classname="tests.test_profile_aware_audit" name="test_mut_fabricated_validation_values_fail_through_audit_integration[fabricated result-changes1]" time="0.777" /><testcase classname="tests.test_profile_aware_audit" name="test_mut_fabricated_validation_values_fail_through_audit_integration[both fabricated-changes2]" time="1.450" /><testcase classname="tests.test_profile_aware_audit" name="test_actual_values_are_never_derived_from_the_binding_under_test" time="0.001" /><testcase classname="tests.test_profile_aware_audit" name="test_mut_package_binding_mutations_fail_through_production_verification[block omitted-&lt;lambda&gt;-AUDIT_PROFILE_PACKAGE_BINDING_MISMATCH]" time="2.410" /><testcase classname="tests.test_profile_aware_audit" name="test_mut_package_binding_mutations_fail_through_production_verification[manifest byte_length-&lt;lambda&gt;-AUDIT_PROFILE_PACKAGE_BINDING_MISMATCH]" time="2.041" /><testcase classname="tests.test_profile_aware_audit" name="test_mut_package_binding_mutations_fail_through_production_verification[manifest sha256-&lt;lambda&gt;-AUDIT_PROFILE_PACKAGE_BINDING_MISMATCH]" time="1.464" /><testcase classname="tests.test_profile_aware_audit" name="test_mut_package_binding_mutations_fail_through_production_verification[manifest sha512-&lt;lambda&gt;-AUDIT_PROFILE_PACKAGE_BINDING_MISMATCH]" time="1.963" /><testcase classname="tests.test_profile_aware_audit" name="test_mut_package_binding_mutations_fail_through_production_verification[manifest_digest-&lt;lambda&gt;-AUDIT_PROFILE_PACKAGE_BINDING_MISMATCH]" time="1.268" /><testcase classname="tests.test_profile_aware_audit" name="test_mut_package_binding_mutations_fail_through_production_verification[deliverable byte_length-&lt;lambda&gt;-AUDIT_DELIVERABLE_PACKAGE_BINDING_MISMATCH]" time="1.226" /><testcase classname="tests.test_profile_aware_audit" name="test_mut_package_binding_mutations_fail_through_production_verification[deliverable sha256-&lt;lambda&gt;-AUDIT_DELIVERABLE_PACKAGE_BINDING_MISMATCH]" time="1.100" /><testcase classname="tests.test_profile_aware_audit" name="test_mut_package_binding_mutations_fail_through_production_verification[deliverable sha512-&lt;lambda&gt;-AUDIT_DELIVERABLE_PACKAGE_BINDING_MISMATCH]" time="1.185" /><testcase classname="tests.test_profile_aware_audit" name="test_mut_package_binding_mutations_fail_through_production_verification[production_validation_result-&lt;lambda&gt;-AUDIT_PROFILE_VALIDATION_RESULT_MISMATCH]" time="1.203" /><testcase classname="tests.test_profile_aware_audit" name="test_mut_package_binding_mutations_fail_through_production_verification[computed_profile_status-&lt;lambda&gt;-AUDIT_PROFILE_VALIDATION_RESULT_MISMATCH]" time="1.273" /><testcase classname="tests.test_profile_aware_audit" name="test_package_binding_verification_is_wired_into_the_current_report_path" time="0.001" /><testcase classname="tests.test_profile_aware_audit" name="test_mut_an_edited_current_report_binding_fails_the_production_cli" time="1.920"><failure message="AssertionError: FAIL AUDIT_CURRENT_REPORT_MISSING: docs/governance/gates/OAM-GATE-SAR-05-CDC-PROFILE-AUDIT-004.json&#10;  FAIL AUDIT_CURRENT_REPORT_MISSING: docs/governance/gates/OAM-GATE-SAR-05-CDC-PROFILE-AUDIT-004.json&#10;  &#10;assert 1 == 0&#10; +  where 1 = CompletedProcess(args=['/Users/arkadiymiteiko/oam-cdc-reference-publication-candidate/.venv/bin/python', 'tools/audit_...AUDIT-004.json\nFAIL AUDIT_CURRENT_REPORT_MISSING: docs/governance/gates/OAM-GATE-SAR-05-CDC-PROFILE-AUDIT-004.json\n').returncode">tmp_path = PosixPath('/private/var/folders/47/n7bpzp2d3f35z35vskk5l2fh0000gn/T/pytest-of-arkadiymiteiko/pytest-55/test_mut_an_edited_current_rep0')

    @mutation
    def test_mut_an_edited_current_report_binding_fails_the_production_cli(tmp_path: Path) -&gt; None:
        """End to end: tamper with the indexed current report, then run --check-current."""
        root = _valid_package(tmp_path)
        current = root / AUDIT_003_REL
        current.unlink()
        assert _generate(root, AUDIT_003_REL, AUDIT_003_ID).returncode == 0
        _reseal_current_report(root)
    
        clean = subprocess.run(
            [sys.executable, AUDIT_TOOL_REL, "--check-current"],
            cwd=root,
            capture_output=True,
            text=True,
        )
&gt;       assert clean.returncode == 0, clean.stderr
E       AssertionError: FAIL AUDIT_CURRENT_REPORT_MISSING: docs/governance/gates/OAM-GATE-SAR-05-CDC-PROFILE-AUDIT-004.json
E         FAIL AUDIT_CURRENT_REPORT_MISSING: docs/governance/gates/OAM-GATE-SAR-05-CDC-PROFILE-AUDIT-004.json
E         
E       assert 1 == 0
E        +  where 1 = CompletedProcess(args=['/Users/arkadiymiteiko/oam-cdc-reference-publication-candidate/.venv/bin/python', 'tools/audit_...AUDIT-004.json\nFAIL AUDIT_CURRENT_REPORT_MISSING: docs/governance/gates/OAM-GATE-SAR-05-CDC-PROFILE-AUDIT-004.json\n').returncode

tests/test_profile_aware_audit.py:1479: AssertionError</failure></testcase><testcase classname="tests.test_profile_aware_audit_amendment_authorization_001" name="test_authorization_is_persisted_at_its_exact_bytes" time="0.001" /><testcase classname="tests.test_profile_aware_audit_amendment_authorization_001" name="test_authorization_is_tracked" time="0.032" /><testcase classname="tests.test_profile_aware_audit_amendment_authorization_001" name="test_authorization_is_owner_executed_and_effective" time="0.001" /><testcase classname="tests.test_profile_aware_audit_amendment_authorization_001" name="test_authorization_states_both_reproduced_defects" time="0.001" /><testcase classname="tests.test_profile_aware_audit_amendment_authorization_001" name="test_authorization_fixes_the_required_semantic_model" time="0.001" /><testcase classname="tests.test_profile_aware_audit_amendment_authorization_001" name="test_authorization_names_the_rules_and_codes_to_allocate" time="0.001" /><testcase classname="tests.test_profile_aware_audit_amendment_authorization_001" name="test_authorization_carries_the_audit_003_claim_ceiling" time="0.001" /><testcase classname="tests.test_profile_aware_audit_amendment_authorization_001" name="test_authorization_withholds_every_prohibited_action" time="0.001" /><testcase classname="tests.test_profile_aware_audit_amendment_authorization_001" name="test_authorization_holds_the_verifier_outside_amendment_scope" time="0.001" /><testcase classname="tests.test_profile_aware_audit_amendment_authorization_001" name="test_authorization_index_registers_the_authorization_exactly" time="0.001" /><testcase classname="tests.test_profile_aware_audit_amendment_authorization_001" name="test_index_registration_digests_match_the_file_on_disk" time="0.001" /><testcase classname="tests.test_profile_aware_audit_amendment_authorization_001" name="test_index_records_correction_as_blocked" time="0.002" /><testcase classname="tests.test_profile_aware_audit_amendment_authorization_001" name="test_authorization_appears_once" time="0.001" /><testcase classname="tests.test_profile_aware_audit_amendment_authorization_001" name="test_status_reflects_the_block_and_the_reason" time="0.001" /><testcase classname="tests.test_profile_aware_audit_amendment_authorization_001" name="test_the_amendment_landed_within_this_authorization" time="0.002" /><testcase classname="tests.test_profile_aware_audit_amendment_authorization_001" name="test_both_named_defects_are_now_repaired" time="0.001" /><testcase classname="tests.test_profile_aware_audit_amendment_authorization_001" name="test_exactly_the_named_rules_and_codes_were_allocated" time="0.002" /><testcase classname="tests.test_profile_aware_audit_amendment_authorization_001" name="test_no_profile_artifact_was_created_and_audit_003_is_authorized" time="0.032"><failure message="AssertionError: profile/profile-manifest.json&#10;assert not True&#10; +  where True = exists()&#10; +    where exists = (PosixPath('/private/tmp/oam-m1-s2-r1.7gUAmz/repo') / 'profile/profile-manifest.json').exists">@contract
    def test_no_profile_artifact_was_created_and_audit_003_is_authorized() -&gt; None:
        tracked = set(
            subprocess.run(
                ["git", "ls-files"], cwd=REPO, check=True, capture_output=True, text=True
            ).stdout.split()
        )
        for relpath in (MANIFEST_PATH, DELIVERABLE_PATH):
&gt;           assert not (REPO / relpath).exists(), relpath
E           AssertionError: profile/profile-manifest.json
E           assert not True
E            +  where True = exists()
E            +    where exists = (PosixPath('/private/tmp/oam-m1-s2-r1.7gUAmz/repo') / 'profile/profile-manifest.json').exists

tests/test_profile_aware_audit_amendment_authorization_001.py:427: AssertionError</failure></testcase><testcase classname="tests.test_profile_aware_audit_amendment_authorization_001" name="test_the_lineage_terminates_at_the_authorized_audit_003" time="0.001"><failure message="AssertionError: assert 'OAM-GATE-SAR...ILE-AUDIT-004' == 'OAM-GATE-SAR...ILE-AUDIT-003'&#10;  &#10;  - OAM-GATE-SAR-05-CDC-PROFILE-AUDIT-003&#10;  ?                                     ^&#10;  + OAM-GATE-SAR-05-CDC-PROFILE-AUDIT-004&#10;  ?                                     ^">@contract
    def test_the_lineage_terminates_at_the_authorized_audit_003() -&gt; None:
        index = _load("docs/governance/gates/OAM-GATE-SAR-05-CDC-AUDIT-INDEX.json")
&gt;       assert index["current_report_id"] == "OAM-GATE-SAR-05-CDC-PROFILE-AUDIT-003"
E       AssertionError: assert 'OAM-GATE-SAR...ILE-AUDIT-004' == 'OAM-GATE-SAR...ILE-AUDIT-003'
E         
E         - OAM-GATE-SAR-05-CDC-PROFILE-AUDIT-003
E         ?                                     ^
E         + OAM-GATE-SAR-05-CDC-PROFILE-AUDIT-004
E         ?                                     ^

tests/test_profile_aware_audit_amendment_authorization_001.py:437: AssertionError</failure></testcase><testcase classname="tests.test_profile_aware_audit_amendment_authorization_001" name="test_the_approved_0_5_0_set_survives_only_as_historical_state" time="0.191" /><testcase classname="tests.test_profile_aware_audit_amendment_authorization_001" name="test_index_entry_mutations_are_detected[sha256 absent-&lt;lambda&gt;]" time="0.001" /><testcase classname="tests.test_profile_aware_audit_amendment_authorization_001" name="test_index_entry_mutations_are_detected[sha256 null-&lt;lambda&gt;]" time="0.001" /><testcase classname="tests.test_profile_aware_audit_amendment_authorization_001" name="test_index_entry_mutations_are_detected[sha256 differs by one character-&lt;lambda&gt;]" time="0.001" /><testcase classname="tests.test_profile_aware_audit_amendment_authorization_001" name="test_index_entry_mutations_are_detected[sha512 absent-&lt;lambda&gt;]" time="0.001" /><testcase classname="tests.test_profile_aware_audit_amendment_authorization_001" name="test_index_entry_mutations_are_detected[sha512 differs by one character-&lt;lambda&gt;]" time="0.001" /><testcase classname="tests.test_profile_aware_audit_amendment_authorization_001" name="test_index_entry_mutations_are_detected[byte length differs-&lt;lambda&gt;]" time="0.001" /><testcase classname="tests.test_profile_aware_audit_amendment_authorization_001" name="test_index_entry_mutations_are_detected[owner differs-&lt;lambda&gt;]" time="0.001" /><testcase classname="tests.test_profile_aware_audit_amendment_authorization_001" name="test_index_entry_mutations_are_detected[timestamp differs by one second-&lt;lambda&gt;]" time="0.001" /><testcase classname="tests.test_profile_aware_audit_amendment_authorization_001" name="test_index_entry_mutations_are_detected[starting head differs by one character-&lt;lambda&gt;]" time="0.001" /><testcase classname="tests.test_profile_aware_audit_amendment_authorization_001" name="test_index_entry_mutations_are_detected[target version silently advanced-&lt;lambda&gt;]" time="0.001" /><testcase classname="tests.test_profile_aware_audit_amendment_authorization_001" name="test_index_entry_mutations_are_detected[correction silently unblocked-&lt;lambda&gt;]" time="0.001" /><testcase classname="tests.test_profile_aware_audit_amendment_authorization_001" name="test_index_entry_mutations_are_detected[defect provenance dropped-&lt;lambda&gt;]" time="0.001" /><testcase classname="tests.test_profile_aware_audit_amendment_authorization_001" name="test_index_entry_mutations_are_detected[semantic gate silently released-&lt;lambda&gt;]" time="0.001" /><testcase classname="tests.test_profile_aware_audit_amendment_authorization_001" name="test_out_of_scope_artifacts_are_not_amendable[docs/governance/gates/OAM-GATE-SAR-05-NAMESPACE-RULES-001.schema.json]" time="0.001" /><testcase classname="tests.test_profile_aware_audit_amendment_authorization_001" name="test_out_of_scope_artifacts_are_not_amendable[docs/governance/gates/OAM-GATE-SAR-05-EXTENSION-INSTANCE-001.schema.json]" time="0.001" /><testcase classname="tests.test_profile_aware_audit_amendment_authorization_001" name="test_out_of_scope_artifacts_are_not_amendable[docs/governance/gates/OAM-GATE-SAR-05-AUDIT-INDEX-001.schema.json]" time="0.001" /><testcase classname="tests.test_profile_aware_audit_amendment_authorization_001" name="test_out_of_scope_artifacts_are_not_amendable[tools/verify_gate_sar_05_contract.py]" time="0.001" /><testcase classname="tests.test_profile_aware_audit_amendment_authorization_001" name="test_a_forged_authorization_body_does_not_match_the_registered_digest" time="0.002" /></testsuite></testsuites>